{"/Users/tiagocavalcanti/WebstormProjects/App_treino/src/App.jsx": {"path":"/Users/tiagocavalcanti/WebstormProjects/App_treino/src/App.jsx","statementMap":{"0":{"start":{"line":15,"column":18},"end":{"line":15,"column":null}},"1":{"start":{"line":15,"column":35},"end":{"line":15,"column":null}},"2":{"start":{"line":16,"column":18},"end":{"line":16,"column":null}},"3":{"start":{"line":16,"column":35},"end":{"line":16,"column":null}},"4":{"start":{"line":20,"column":4},"end":{"line":24,"column":null}},"5":{"start":{"line":31,"column":30},"end":{"line":31,"column":null}},"6":{"start":{"line":33,"column":4},"end":{"line":39,"column":null}},"7":{"start":{"line":34,"column":8},"end":{"line":37,"column":null}},"8":{"start":{"line":41,"column":4},"end":{"line":54,"column":null}},"9":{"start":{"line":42,"column":8},"end":{"line":52,"column":null}},"10":{"start":{"line":56,"column":4},"end":{"line":63,"column":null}}},"fnMap":{"0":{"name":"(anonymous_0)","decl":{"start":{"line":15,"column":29},"end":{"line":15,"column":35}},"loc":{"start":{"line":15,"column":35},"end":{"line":15,"column":null}},"line":15},"1":{"name":"(anonymous_1)","decl":{"start":{"line":16,"column":29},"end":{"line":16,"column":35}},"loc":{"start":{"line":16,"column":35},"end":{"line":16,"column":null}},"line":16},"2":{"name":"App","decl":{"start":{"line":18,"column":9},"end":{"line":18,"column":15}},"loc":{"start":{"line":18,"column":15},"end":{"line":26,"column":null}},"line":18},"3":{"name":"AppContentRoot","decl":{"start":{"line":30,"column":9},"end":{"line":30,"column":26}},"loc":{"start":{"line":30,"column":26},"end":{"line":65,"column":null}},"line":30}},"branchMap":{"0":{"loc":{"start":{"line":33,"column":4},"end":{"line":39,"column":null}},"type":"if","locations":[{"start":{"line":33,"column":4},"end":{"line":39,"column":null}},{"start":{},"end":{}}],"line":33},"1":{"loc":{"start":{"line":41,"column":4},"end":{"line":54,"column":null}},"type":"if","locations":[{"start":{"line":41,"column":4},"end":{"line":54,"column":null}},{"start":{},"end":{}}],"line":41}},"s":{"0":1,"1":1,"2":1,"3":1,"4":3,"5":3,"6":3,"7":1,"8":2,"9":1,"10":1},"f":{"0":1,"1":1,"2":3,"3":3},"b":{"0":[1,2],"1":[1,1]},"meta":{"lastBranch":2,"lastFunction":4,"lastStatement":11,"seen":{"s:15:18:15:Infinity":0,"f:15:29:15:35":0,"s:15:35:15:Infinity":1,"s:16:18:16:Infinity":2,"f:16:29:16:35":1,"s:16:35:16:Infinity":3,"f:18:9:18:15":2,"s:20:4:24:Infinity":4,"f:30:9:30:26":3,"s:31:30:31:Infinity":5,"b:33:4:39:Infinity:undefined:undefined:undefined:undefined":0,"s:33:4:39:Infinity":6,"s:34:8:37:Infinity":7,"b:41:4:54:Infinity:undefined:undefined:undefined:undefined":1,"s:41:4:54:Infinity":8,"s:42:8:52:Infinity":9,"s:56:4:63:Infinity":10}}}
,"/Users/tiagocavalcanti/WebstormProjects/App_treino/src/AppAuthed.jsx": {"path":"/Users/tiagocavalcanti/WebstormProjects/App_treino/src/AppAuthed.jsx","statementMap":{"0":{"start":{"line":13,"column":22},"end":{"line":13,"column":null}},"1":{"start":{"line":13,"column":39},"end":{"line":13,"column":null}},"2":{"start":{"line":13,"column":89},"end":{"line":13,"column":null}},"3":{"start":{"line":14,"column":20},"end":{"line":14,"column":null}},"4":{"start":{"line":14,"column":37},"end":{"line":14,"column":null}},"5":{"start":{"line":15,"column":20},"end":{"line":15,"column":null}},"6":{"start":{"line":15,"column":37},"end":{"line":15,"column":null}},"7":{"start":{"line":16,"column":26},"end":{"line":16,"column":null}},"8":{"start":{"line":16,"column":43},"end":{"line":16,"column":null}},"9":{"start":{"line":17,"column":20},"end":{"line":17,"column":null}},"10":{"start":{"line":17,"column":37},"end":{"line":17,"column":null}},"11":{"start":{"line":18,"column":21},"end":{"line":18,"column":null}},"12":{"start":{"line":18,"column":38},"end":{"line":18,"column":null}},"13":{"start":{"line":19,"column":29},"end":{"line":19,"column":null}},"14":{"start":{"line":19,"column":46},"end":{"line":19,"column":null}},"15":{"start":{"line":19,"column":103},"end":{"line":19,"column":null}},"16":{"start":{"line":20,"column":25},"end":{"line":20,"column":null}},"17":{"start":{"line":20,"column":42},"end":{"line":20,"column":null}},"18":{"start":{"line":20,"column":95},"end":{"line":20,"column":null}},"19":{"start":{"line":21,"column":26},"end":{"line":21,"column":null}},"20":{"start":{"line":21,"column":43},"end":{"line":21,"column":null}},"21":{"start":{"line":21,"column":91},"end":{"line":21,"column":null}},"22":{"start":{"line":24,"column":10},"end":{"line":24,"column":null}},"23":{"start":{"line":25,"column":4},"end":{"line":25,"column":null}},"24":{"start":{"line":29,"column":38},"end":{"line":29,"column":null}},"25":{"start":{"line":30,"column":25},"end":{"line":30,"column":null}},"26":{"start":{"line":31,"column":34},"end":{"line":31,"column":null}},"27":{"start":{"line":32,"column":10},"end":{"line":32,"column":null}},"28":{"start":{"line":33,"column":10},"end":{"line":33,"column":null}},"29":{"start":{"line":36,"column":4},"end":{"line":53,"column":null}},"30":{"start":{"line":37,"column":8},"end":{"line":40,"column":null}},"31":{"start":{"line":38,"column":12},"end":{"line":38,"column":null}},"32":{"start":{"line":38,"column":27},"end":{"line":38,"column":null}},"33":{"start":{"line":38,"column":44},"end":{"line":38,"column":65}},"34":{"start":{"line":39,"column":12},"end":{"line":39,"column":null}},"35":{"start":{"line":43,"column":12},"end":{"line":49,"column":null}},"36":{"start":{"line":44,"column":40},"end":{"line":44,"column":null}},"37":{"start":{"line":45,"column":34},"end":{"line":45,"column":null}},"38":{"start":{"line":46,"column":16},"end":{"line":46,"column":null}},"39":{"start":{"line":48,"column":16},"end":{"line":48,"column":null}},"40":{"start":{"line":52,"column":8},"end":{"line":52,"column":null}},"41":{"start":{"line":57,"column":8},"end":{"line":65,"column":null}},"42":{"start":{"line":58,"column":12},"end":{"line":58,"column":null}},"43":{"start":{"line":59,"column":12},"end":{"line":59,"column":null}},"44":{"start":{"line":60,"column":12},"end":{"line":60,"column":null}},"45":{"start":{"line":61,"column":12},"end":{"line":61,"column":null}},"46":{"start":{"line":62,"column":12},"end":{"line":62,"column":null}},"47":{"start":{"line":64,"column":12},"end":{"line":64,"column":null}},"48":{"start":{"line":69,"column":38},"end":{"line":69,"column":null}},"49":{"start":{"line":70,"column":46},"end":{"line":70,"column":null}},"50":{"start":{"line":71,"column":44},"end":{"line":71,"column":null}},"51":{"start":{"line":73,"column":10},"end":{"line":77,"column":null}},"52":{"start":{"line":74,"column":23},"end":{"line":74,"column":null}},"53":{"start":{"line":75,"column":8},"end":{"line":75,"column":null}},"54":{"start":{"line":75,"column":27},"end":{"line":75,"column":null}},"55":{"start":{"line":76,"column":8},"end":{"line":76,"column":null}},"56":{"start":{"line":80,"column":8},"end":{"line":80,"column":null}},"57":{"start":{"line":81,"column":8},"end":{"line":81,"column":null}},"58":{"start":{"line":84,"column":4},"end":{"line":96,"column":null}},"59":{"start":{"line":85,"column":8},"end":{"line":88,"column":null}},"60":{"start":{"line":86,"column":12},"end":{"line":86,"column":null}},"61":{"start":{"line":86,"column":29},"end":{"line":86,"column":null}},"62":{"start":{"line":87,"column":12},"end":{"line":87,"column":null}},"63":{"start":{"line":89,"column":24},"end":{"line":89,"column":null}},"64":{"start":{"line":90,"column":8},"end":{"line":95,"column":null}},"65":{"start":{"line":91,"column":12},"end":{"line":94,"column":null}},"66":{"start":{"line":92,"column":16},"end":{"line":92,"column":null}},"67":{"start":{"line":93,"column":16},"end":{"line":93,"column":null}},"68":{"start":{"line":98,"column":4},"end":{"line":111,"column":null}},"69":{"start":{"line":99,"column":8},"end":{"line":99,"column":null}},"70":{"start":{"line":99,"column":45},"end":{"line":99,"column":null}},"71":{"start":{"line":100,"column":19},"end":{"line":109,"column":null}},"72":{"start":{"line":101,"column":12},"end":{"line":108,"column":null}},"73":{"start":{"line":102,"column":16},"end":{"line":106,"column":null}},"74":{"start":{"line":103,"column":20},"end":{"line":103,"column":null}},"75":{"start":{"line":104,"column":20},"end":{"line":104,"column":null}},"76":{"start":{"line":105,"column":20},"end":{"line":105,"column":null}},"77":{"start":{"line":107,"column":16},"end":{"line":107,"column":null}},"78":{"start":{"line":110,"column":8},"end":{"line":110,"column":null}},"79":{"start":{"line":110,"column":21},"end":{"line":110,"column":null}},"80":{"start":{"line":114,"column":8},"end":{"line":114,"column":null}},"81":{"start":{"line":115,"column":8},"end":{"line":115,"column":null}},"82":{"start":{"line":117,"column":37},"end":{"line":117,"column":63}},"83":{"start":{"line":118,"column":44},"end":{"line":118,"column":97}},"84":{"start":{"line":118,"column":78},"end":{"line":118,"column":97}},"85":{"start":{"line":122,"column":8},"end":{"line":126,"column":null}},"86":{"start":{"line":123,"column":12},"end":{"line":123,"column":null}},"87":{"start":{"line":125,"column":12},"end":{"line":125,"column":null}},"88":{"start":{"line":130,"column":18},"end":{"line":130,"column":null}},"89":{"start":{"line":131,"column":23},"end":{"line":131,"column":null}},"90":{"start":{"line":132,"column":8},"end":{"line":132,"column":null}},"91":{"start":{"line":132,"column":26},"end":{"line":132,"column":null}},"92":{"start":{"line":133,"column":8},"end":{"line":133,"column":null}},"93":{"start":{"line":133,"column":26},"end":{"line":133,"column":null}},"94":{"start":{"line":134,"column":23},"end":{"line":134,"column":null}},"95":{"start":{"line":135,"column":8},"end":{"line":135,"column":null}},"96":{"start":{"line":135,"column":20},"end":{"line":135,"column":null}},"97":{"start":{"line":136,"column":8},"end":{"line":136,"column":null}},"98":{"start":{"line":140,"column":8},"end":{"line":140,"column":null}},"99":{"start":{"line":140,"column":30},"end":{"line":140,"column":null}},"100":{"start":{"line":141,"column":8},"end":{"line":141,"column":null}},"101":{"start":{"line":141,"column":34},"end":{"line":141,"column":null}},"102":{"start":{"line":142,"column":8},"end":{"line":142,"column":null}},"103":{"start":{"line":142,"column":29},"end":{"line":142,"column":null}},"104":{"start":{"line":143,"column":8},"end":{"line":143,"column":null}},"105":{"start":{"line":143,"column":33},"end":{"line":143,"column":null}},"106":{"start":{"line":144,"column":8},"end":{"line":144,"column":null}},"107":{"start":{"line":144,"column":33},"end":{"line":144,"column":null}},"108":{"start":{"line":145,"column":8},"end":{"line":145,"column":null}},"109":{"start":{"line":145,"column":34},"end":{"line":145,"column":null}},"110":{"start":{"line":149,"column":21},"end":{"line":149,"column":null}},"111":{"start":{"line":150,"column":8},"end":{"line":150,"column":null}},"112":{"start":{"line":150,"column":26},"end":{"line":150,"column":null}},"113":{"start":{"line":151,"column":8},"end":{"line":151,"column":null}},"114":{"start":{"line":151,"column":42},"end":{"line":151,"column":null}},"115":{"start":{"line":152,"column":8},"end":{"line":152,"column":null}},"116":{"start":{"line":152,"column":40},"end":{"line":152,"column":null}},"117":{"start":{"line":153,"column":8},"end":{"line":153,"column":null}},"118":{"start":{"line":153,"column":41},"end":{"line":153,"column":null}},"119":{"start":{"line":154,"column":8},"end":{"line":154,"column":null}},"120":{"start":{"line":154,"column":41},"end":{"line":154,"column":null}},"121":{"start":{"line":155,"column":8},"end":{"line":155,"column":null}},"122":{"start":{"line":155,"column":41},"end":{"line":155,"column":null}},"123":{"start":{"line":156,"column":8},"end":{"line":156,"column":null}},"124":{"start":{"line":159,"column":4},"end":{"line":165,"column":null}},"125":{"start":{"line":160,"column":8},"end":{"line":163,"column":null}},"126":{"start":{"line":167,"column":23},"end":{"line":167,"column":null}},"127":{"start":{"line":169,"column":4},"end":{"line":301,"column":null}},"128":{"start":{"line":215,"column":67},"end":{"line":215,"column":null}},"129":{"start":{"line":219,"column":72},"end":{"line":219,"column":null}},"130":{"start":{"line":220,"column":70},"end":{"line":220,"column":null}},"131":{"start":{"line":254,"column":67},"end":{"line":254,"column":null}},"132":{"start":{"line":270,"column":54},"end":{"line":270,"column":null}},"133":{"start":{"line":306,"column":4},"end":{"line":309,"column":null}}},"fnMap":{"0":{"name":"(anonymous_0)","decl":{"start":{"line":13,"column":33},"end":{"line":13,"column":39}},"loc":{"start":{"line":13,"column":39},"end":{"line":13,"column":null}},"line":13},"1":{"name":"(anonymous_1)","decl":{"start":{"line":13,"column":76},"end":{"line":13,"column":87}},"loc":{"start":{"line":13,"column":89},"end":{"line":13,"column":null}},"line":13},"2":{"name":"(anonymous_2)","decl":{"start":{"line":14,"column":31},"end":{"line":14,"column":37}},"loc":{"start":{"line":14,"column":37},"end":{"line":14,"column":null}},"line":14},"3":{"name":"(anonymous_3)","decl":{"start":{"line":15,"column":31},"end":{"line":15,"column":37}},"loc":{"start":{"line":15,"column":37},"end":{"line":15,"column":null}},"line":15},"4":{"name":"(anonymous_4)","decl":{"start":{"line":16,"column":37},"end":{"line":16,"column":43}},"loc":{"start":{"line":16,"column":43},"end":{"line":16,"column":null}},"line":16},"5":{"name":"(anonymous_5)","decl":{"start":{"line":17,"column":31},"end":{"line":17,"column":37}},"loc":{"start":{"line":17,"column":37},"end":{"line":17,"column":null}},"line":17},"6":{"name":"(anonymous_6)","decl":{"start":{"line":18,"column":32},"end":{"line":18,"column":38}},"loc":{"start":{"line":18,"column":38},"end":{"line":18,"column":null}},"line":18},"7":{"name":"(anonymous_7)","decl":{"start":{"line":19,"column":40},"end":{"line":19,"column":46}},"loc":{"start":{"line":19,"column":46},"end":{"line":19,"column":null}},"line":19},"8":{"name":"(anonymous_8)","decl":{"start":{"line":19,"column":90},"end":{"line":19,"column":101}},"loc":{"start":{"line":19,"column":103},"end":{"line":19,"column":null}},"line":19},"9":{"name":"(anonymous_9)","decl":{"start":{"line":20,"column":36},"end":{"line":20,"column":42}},"loc":{"start":{"line":20,"column":42},"end":{"line":20,"column":null}},"line":20},"10":{"name":"(anonymous_10)","decl":{"start":{"line":20,"column":82},"end":{"line":20,"column":93}},"loc":{"start":{"line":20,"column":95},"end":{"line":20,"column":null}},"line":20},"11":{"name":"(anonymous_11)","decl":{"start":{"line":21,"column":37},"end":{"line":21,"column":43}},"loc":{"start":{"line":21,"column":43},"end":{"line":21,"column":null}},"line":21},"12":{"name":"(anonymous_12)","decl":{"start":{"line":21,"column":78},"end":{"line":21,"column":89}},"loc":{"start":{"line":21,"column":91},"end":{"line":21,"column":null}},"line":21},"13":{"name":"getFirstNameFromDisplayName","decl":{"start":{"line":23,"column":9},"end":{"line":23,"column":37}},"loc":{"start":{"line":23,"column":50},"end":{"line":26,"column":null}},"line":23},"14":{"name":"AppAuthedContent","decl":{"start":{"line":28,"column":9},"end":{"line":28,"column":28}},"loc":{"start":{"line":28,"column":28},"end":{"line":303,"column":null}},"line":28},"15":{"name":"(anonymous_15)","decl":{"start":{"line":36,"column":14},"end":{"line":36,"column":20}},"loc":{"start":{"line":36,"column":20},"end":{"line":53,"column":7}},"line":36},"16":{"name":"(anonymous_16)","decl":{"start":{"line":38,"column":38},"end":{"line":38,"column":44}},"loc":{"start":{"line":38,"column":44},"end":{"line":38,"column":65}},"line":38},"17":{"name":"checkTrainerStatus","decl":{"start":{"line":42,"column":23},"end":{"line":42,"column":44}},"loc":{"start":{"line":42,"column":44},"end":{"line":50,"column":null}},"line":42},"18":{"name":"handleLogout","decl":{"start":{"line":56,"column":19},"end":{"line":56,"column":34}},"loc":{"start":{"line":56,"column":34},"end":{"line":66,"column":null}},"line":56},"19":{"name":"(anonymous_19)","decl":{"start":{"line":73,"column":37},"end":{"line":73,"column":43}},"loc":{"start":{"line":73,"column":43},"end":{"line":77,"column":7}},"line":73},"20":{"name":"clearWelcomeFlags","decl":{"start":{"line":79,"column":13},"end":{"line":79,"column":33}},"loc":{"start":{"line":79,"column":33},"end":{"line":82,"column":null}},"line":79},"21":{"name":"(anonymous_21)","decl":{"start":{"line":84,"column":14},"end":{"line":84,"column":20}},"loc":{"start":{"line":84,"column":20},"end":{"line":96,"column":7}},"line":84},"22":{"name":"(anonymous_22)","decl":{"start":{"line":91,"column":23},"end":{"line":91,"column":29}},"loc":{"start":{"line":91,"column":29},"end":{"line":94,"column":15}},"line":91},"23":{"name":"(anonymous_23)","decl":{"start":{"line":98,"column":14},"end":{"line":98,"column":20}},"loc":{"start":{"line":98,"column":20},"end":{"line":111,"column":7}},"line":98},"24":{"name":"(anonymous_24)","decl":{"start":{"line":100,"column":38},"end":{"line":100,"column":44}},"loc":{"start":{"line":100,"column":44},"end":{"line":109,"column":11}},"line":100},"25":{"name":"(anonymous_25)","decl":{"start":{"line":101,"column":30},"end":{"line":101,"column":31}},"loc":{"start":{"line":101,"column":40},"end":{"line":108,"column":13}},"line":101},"26":{"name":"(anonymous_26)","decl":{"start":{"line":110,"column":15},"end":{"line":110,"column":21}},"loc":{"start":{"line":110,"column":21},"end":{"line":110,"column":null}},"line":110},"27":{"name":"handleWelcomeGo","decl":{"start":{"line":113,"column":13},"end":{"line":113,"column":31}},"loc":{"start":{"line":113,"column":31},"end":{"line":116,"column":null}},"line":113},"28":{"name":"handleWelcomeCancel","decl":{"start":{"line":117,"column":13},"end":{"line":117,"column":35}},"loc":{"start":{"line":117,"column":35},"end":{"line":117,"column":null}},"line":117},"29":{"name":"handleWelcomeOverlayClick","decl":{"start":{"line":118,"column":13},"end":{"line":118,"column":39}},"loc":{"start":{"line":118,"column":42},"end":{"line":118,"column":null}},"line":118},"30":{"name":"handleCreateWorkout","decl":{"start":{"line":121,"column":13},"end":{"line":121,"column":33}},"loc":{"start":{"line":121,"column":71},"end":{"line":127,"column":null}},"line":121},"31":{"name":"handleOpenHistory","decl":{"start":{"line":129,"column":13},"end":{"line":129,"column":31}},"loc":{"start":{"line":129,"column":73},"end":{"line":137,"column":null}},"line":129},"32":{"name":"handleTabChange","decl":{"start":{"line":139,"column":13},"end":{"line":139,"column":29}},"loc":{"start":{"line":139,"column":36},"end":{"line":146,"column":null}},"line":139},"33":{"name":"getActiveTab","decl":{"start":{"line":148,"column":13},"end":{"line":148,"column":28}},"loc":{"start":{"line":148,"column":28},"end":{"line":157,"column":null}},"line":148},"34":{"name":"(anonymous_34)","decl":{"start":{"line":215,"column":61},"end":{"line":215,"column":67}},"loc":{"start":{"line":215,"column":67},"end":{"line":215,"column":null}},"line":215},"35":{"name":"(anonymous_35)","decl":{"start":{"line":219,"column":66},"end":{"line":219,"column":72}},"loc":{"start":{"line":219,"column":72},"end":{"line":219,"column":null}},"line":219},"36":{"name":"(anonymous_36)","decl":{"start":{"line":220,"column":64},"end":{"line":220,"column":70}},"loc":{"start":{"line":220,"column":70},"end":{"line":220,"column":null}},"line":220},"37":{"name":"(anonymous_37)","decl":{"start":{"line":254,"column":61},"end":{"line":254,"column":67}},"loc":{"start":{"line":254,"column":67},"end":{"line":254,"column":null}},"line":254},"38":{"name":"(anonymous_38)","decl":{"start":{"line":270,"column":48},"end":{"line":270,"column":54}},"loc":{"start":{"line":270,"column":54},"end":{"line":270,"column":null}},"line":270},"39":{"name":"AppAuthed","decl":{"start":{"line":305,"column":24},"end":{"line":305,"column":36}},"loc":{"start":{"line":305,"column":36},"end":{"line":311,"column":null}},"line":305}},"branchMap":{"0":{"loc":{"start":{"line":24,"column":19},"end":{"line":24,"column":38}},"type":"binary-expr","locations":[{"start":{"line":24,"column":19},"end":{"line":24,"column":34}},{"start":{"line":24,"column":34},"end":{"line":24,"column":38}}],"line":24},"1":{"loc":{"start":{"line":25,"column":11},"end":{"line":25,"column":null}},"type":"binary-expr","locations":[{"start":{"line":25,"column":11},"end":{"line":25,"column":23}},{"start":{"line":25,"column":23},"end":{"line":25,"column":null}}],"line":25},"2":{"loc":{"start":{"line":37,"column":8},"end":{"line":40,"column":null}},"type":"if","locations":[{"start":{"line":37,"column":8},"end":{"line":40,"column":null}},{"start":{},"end":{}}],"line":37},"3":{"loc":{"start":{"line":38,"column":12},"end":{"line":38,"column":null}},"type":"if","locations":[{"start":{"line":38,"column":12},"end":{"line":38,"column":null}},{"start":{},"end":{}}],"line":38},"4":{"loc":{"start":{"line":74,"column":23},"end":{"line":74,"column":null}},"type":"binary-expr","locations":[{"start":{"line":74,"column":23},"end":{"line":74,"column":67}},{"start":{"line":74,"column":67},"end":{"line":74,"column":null}}],"line":74},"5":{"loc":{"start":{"line":75,"column":8},"end":{"line":75,"column":null}},"type":"if","locations":[{"start":{"line":75,"column":8},"end":{"line":75,"column":null}},{"start":{},"end":{}}],"line":75},"6":{"loc":{"start":{"line":76,"column":43},"end":{"line":76,"column":66}},"type":"binary-expr","locations":[{"start":{"line":76,"column":43},"end":{"line":76,"column":64}},{"start":{"line":76,"column":64},"end":{"line":76,"column":66}}],"line":76},"7":{"loc":{"start":{"line":85,"column":8},"end":{"line":88,"column":null}},"type":"if","locations":[{"start":{"line":85,"column":8},"end":{"line":88,"column":null}},{"start":{},"end":{}}],"line":85},"8":{"loc":{"start":{"line":86,"column":12},"end":{"line":86,"column":null}},"type":"if","locations":[{"start":{"line":86,"column":12},"end":{"line":86,"column":null}},{"start":{},"end":{}}],"line":86},"9":{"loc":{"start":{"line":90,"column":8},"end":{"line":95,"column":null}},"type":"if","locations":[{"start":{"line":90,"column":8},"end":{"line":95,"column":null}},{"start":{},"end":{}}],"line":90},"10":{"loc":{"start":{"line":99,"column":8},"end":{"line":99,"column":null}},"type":"if","locations":[{"start":{"line":99,"column":8},"end":{"line":99,"column":null}},{"start":{},"end":{}}],"line":99},"11":{"loc":{"start":{"line":99,"column":12},"end":{"line":99,"column":45}},"type":"binary-expr","locations":[{"start":{"line":99,"column":12},"end":{"line":99,"column":28}},{"start":{"line":99,"column":28},"end":{"line":99,"column":45}}],"line":99},"12":{"loc":{"start":{"line":102,"column":16},"end":{"line":106,"column":null}},"type":"if","locations":[{"start":{"line":102,"column":16},"end":{"line":106,"column":null}},{"start":{},"end":{}}],"line":102},"13":{"loc":{"start":{"line":118,"column":44},"end":{"line":118,"column":97}},"type":"if","locations":[{"start":{"line":118,"column":44},"end":{"line":118,"column":97}},{"start":{},"end":{}}],"line":118},"14":{"loc":{"start":{"line":121,"column":33},"end":{"line":121,"column":55}},"type":"default-arg","locations":[{"start":{"line":121,"column":49},"end":{"line":121,"column":55}}],"line":121},"15":{"loc":{"start":{"line":121,"column":55},"end":{"line":121,"column":71}},"type":"default-arg","locations":[{"start":{"line":121,"column":65},"end":{"line":121,"column":71}}],"line":121},"16":{"loc":{"start":{"line":122,"column":8},"end":{"line":126,"column":null}},"type":"if","locations":[{"start":{"line":122,"column":8},"end":{"line":126,"column":null}},{"start":{"line":124,"column":15},"end":{"line":126,"column":null}}],"line":122},"17":{"loc":{"start":{"line":129,"column":31},"end":{"line":129,"column":52}},"type":"default-arg","locations":[{"start":{"line":129,"column":46},"end":{"line":129,"column":52}}],"line":129},"18":{"loc":{"start":{"line":129,"column":52},"end":{"line":129,"column":73}},"type":"default-arg","locations":[{"start":{"line":129,"column":67},"end":{"line":129,"column":73}}],"line":129},"19":{"loc":{"start":{"line":132,"column":8},"end":{"line":132,"column":null}},"type":"if","locations":[{"start":{"line":132,"column":8},"end":{"line":132,"column":null}},{"start":{},"end":{}}],"line":132},"20":{"loc":{"start":{"line":133,"column":8},"end":{"line":133,"column":null}},"type":"if","locations":[{"start":{"line":133,"column":8},"end":{"line":133,"column":null}},{"start":{},"end":{}}],"line":133},"21":{"loc":{"start":{"line":135,"column":8},"end":{"line":135,"column":null}},"type":"if","locations":[{"start":{"line":135,"column":8},"end":{"line":135,"column":null}},{"start":{},"end":{}}],"line":135},"22":{"loc":{"start":{"line":140,"column":8},"end":{"line":140,"column":null}},"type":"if","locations":[{"start":{"line":140,"column":8},"end":{"line":140,"column":null}},{"start":{},"end":{}}],"line":140},"23":{"loc":{"start":{"line":141,"column":8},"end":{"line":141,"column":null}},"type":"if","locations":[{"start":{"line":141,"column":8},"end":{"line":141,"column":null}},{"start":{},"end":{}}],"line":141},"24":{"loc":{"start":{"line":142,"column":8},"end":{"line":142,"column":null}},"type":"if","locations":[{"start":{"line":142,"column":8},"end":{"line":142,"column":null}},{"start":{},"end":{}}],"line":142},"25":{"loc":{"start":{"line":143,"column":8},"end":{"line":143,"column":null}},"type":"if","locations":[{"start":{"line":143,"column":8},"end":{"line":143,"column":null}},{"start":{},"end":{}}],"line":143},"26":{"loc":{"start":{"line":144,"column":8},"end":{"line":144,"column":null}},"type":"if","locations":[{"start":{"line":144,"column":8},"end":{"line":144,"column":null}},{"start":{},"end":{}}],"line":144},"27":{"loc":{"start":{"line":145,"column":8},"end":{"line":145,"column":null}},"type":"if","locations":[{"start":{"line":145,"column":8},"end":{"line":145,"column":null}},{"start":{},"end":{}}],"line":145},"28":{"loc":{"start":{"line":150,"column":8},"end":{"line":150,"column":null}},"type":"if","locations":[{"start":{"line":150,"column":8},"end":{"line":150,"column":null}},{"start":{},"end":{}}],"line":150},"29":{"loc":{"start":{"line":151,"column":8},"end":{"line":151,"column":null}},"type":"if","locations":[{"start":{"line":151,"column":8},"end":{"line":151,"column":null}},{"start":{},"end":{}}],"line":151},"30":{"loc":{"start":{"line":152,"column":8},"end":{"line":152,"column":null}},"type":"if","locations":[{"start":{"line":152,"column":8},"end":{"line":152,"column":null}},{"start":{},"end":{}}],"line":152},"31":{"loc":{"start":{"line":153,"column":8},"end":{"line":153,"column":null}},"type":"if","locations":[{"start":{"line":153,"column":8},"end":{"line":153,"column":null}},{"start":{},"end":{}}],"line":153},"32":{"loc":{"start":{"line":154,"column":8},"end":{"line":154,"column":null}},"type":"if","locations":[{"start":{"line":154,"column":8},"end":{"line":154,"column":null}},{"start":{},"end":{}}],"line":154},"33":{"loc":{"start":{"line":155,"column":8},"end":{"line":155,"column":null}},"type":"if","locations":[{"start":{"line":155,"column":8},"end":{"line":155,"column":null}},{"start":{},"end":{}}],"line":155},"34":{"loc":{"start":{"line":159,"column":4},"end":{"line":165,"column":null}},"type":"if","locations":[{"start":{"line":159,"column":4},"end":{"line":165,"column":null}},{"start":{},"end":{}}],"line":159},"35":{"loc":{"start":{"line":167,"column":23},"end":{"line":167,"column":null}},"type":"binary-expr","locations":[{"start":{"line":167,"column":23},"end":{"line":167,"column":57}},{"start":{"line":167,"column":57},"end":{"line":167,"column":86}},{"start":{"line":167,"column":86},"end":{"line":167,"column":null}}],"line":167},"36":{"loc":{"start":{"line":171,"column":13},"end":{"line":190,"column":null}},"type":"binary-expr","locations":[{"start":{"line":171,"column":13},"end":{"line":171,"column":21}},{"start":{"line":171,"column":21},"end":{"line":171,"column":66}},{"start":{"line":171,"column":66},"end":{"line":171,"column":null}},{"start":{"line":172,"column":16},"end":{"line":190,"column":null}}],"line":171},"37":{"loc":{"start":{"line":193,"column":102},"end":{"line":195,"column":null}},"type":"cond-expr","locations":[{"start":{"line":194,"column":18},"end":{"line":194,"column":null}},{"start":{"line":195,"column":18},"end":{"line":195,"column":null}}],"line":193},"38":{"loc":{"start":{"line":193,"column":102},"end":{"line":193,"column":null}},"type":"binary-expr","locations":[{"start":{"line":193,"column":102},"end":{"line":193,"column":110}},{"start":{"line":193,"column":110},"end":{"line":193,"column":155}},{"start":{"line":193,"column":155},"end":{"line":193,"column":null}}],"line":193},"39":{"loc":{"start":{"line":198,"column":21},"end":{"line":201,"column":null}},"type":"binary-expr","locations":[{"start":{"line":198,"column":21},"end":{"line":198,"column":null}},{"start":{"line":199,"column":24},"end":{"line":201,"column":null}}],"line":198},"40":{"loc":{"start":{"line":210,"column":58},"end":{"line":210,"column":114}},"type":"cond-expr","locations":[{"start":{"line":210,"column":66},"end":{"line":210,"column":93}},{"start":{"line":210,"column":93},"end":{"line":210,"column":114}}],"line":210},"41":{"loc":{"start":{"line":288,"column":13},"end":{"line":299,"column":null}},"type":"binary-expr","locations":[{"start":{"line":288,"column":13},"end":{"line":288,"column":null}},{"start":{"line":289,"column":16},"end":{"line":299,"column":null}}],"line":288},"42":{"loc":{"start":{"line":292,"column":76},"end":{"line":292,"column":108}},"type":"binary-expr","locations":[{"start":{"line":292,"column":76},"end":{"line":292,"column":96}},{"start":{"line":292,"column":96},"end":{"line":292,"column":108}}],"line":292},"43":{"loc":{"start":{"line":295,"column":29},"end":{"line":295,"column":null}},"type":"binary-expr","locations":[{"start":{"line":295,"column":29},"end":{"line":295,"column":49}},{"start":{"line":295,"column":49},"end":{"line":295,"column":null}}],"line":295},"44":{"loc":{"start":{"line":296,"column":29},"end":{"line":296,"column":null}},"type":"binary-expr","locations":[{"start":{"line":296,"column":29},"end":{"line":296,"column":49}},{"start":{"line":296,"column":49},"end":{"line":296,"column":null}}],"line":296}},"s":{"0":1,"1":1,"2":1,"3":1,"4":0,"5":1,"6":0,"7":1,"8":0,"9":1,"10":0,"11":1,"12":0,"13":1,"14":0,"15":0,"16":1,"17":0,"18":0,"19":1,"20":1,"21":1,"22":3,"23":3,"24":3,"25":3,"26":3,"27":3,"28":3,"29":3,"30":1,"31":0,"32":0,"33":0,"34":0,"35":1,"36":1,"37":1,"38":1,"39":0,"40":1,"41":0,"42":0,"43":0,"44":0,"45":0,"46":0,"47":0,"48":3,"49":3,"50":3,"51":3,"52":3,"53":3,"54":0,"55":3,"56":0,"57":0,"58":3,"59":1,"60":0,"61":0,"62":0,"63":1,"64":1,"65":0,"66":0,"67":0,"68":3,"69":1,"70":1,"71":0,"72":0,"73":0,"74":0,"75":0,"76":0,"77":0,"78":0,"79":0,"80":0,"81":0,"82":0,"83":0,"84":0,"85":0,"86":0,"87":0,"88":0,"89":0,"90":0,"91":0,"92":0,"93":0,"94":0,"95":0,"96":0,"97":0,"98":0,"99":0,"100":0,"101":0,"102":0,"103":0,"104":0,"105":0,"106":0,"107":0,"108":0,"109":0,"110":6,"111":6,"112":6,"113":0,"114":0,"115":0,"116":0,"117":0,"118":0,"119":0,"120":0,"121":0,"122":0,"123":0,"124":3,"125":0,"126":3,"127":3,"128":0,"129":0,"130":0,"131":0,"132":0,"133":3},"f":{"0":1,"1":1,"2":0,"3":0,"4":0,"5":0,"6":0,"7":0,"8":0,"9":0,"10":0,"11":1,"12":1,"13":3,"14":3,"15":1,"16":0,"17":1,"18":0,"19":3,"20":0,"21":1,"22":0,"23":1,"24":0,"25":0,"26":0,"27":0,"28":0,"29":0,"30":0,"31":0,"32":0,"33":6,"34":0,"35":0,"36":0,"37":0,"38":0,"39":3},"b":{"0":[3,0],"1":[3,0],"2":[0,1],"3":[0,0],"4":[3,3],"5":[0,3],"6":[3,0],"7":[0,1],"8":[0,0],"9":[0,1],"10":[1,0],"11":[1,0],"12":[0,0],"13":[0,0],"14":[0],"15":[0],"16":[0,0],"17":[0],"18":[0],"19":[0,0],"20":[0,0],"21":[0,0],"22":[0,0],"23":[0,0],"24":[0,0],"25":[0,0],"26":[0,0],"27":[0,0],"28":[6,0],"29":[0,0],"30":[0,0],"31":[0,0],"32":[0,0],"33":[0,0],"34":[0,3],"35":[3,3,0],"36":[3,3,3,3],"37":[3,0],"38":[3,3,3],"39":[3,0],"40":[0,3],"41":[3,0],"42":[0,0],"43":[0,0],"44":[0,0]},"meta":{"lastBranch":45,"lastFunction":40,"lastStatement":134,"seen":{"s:13:22:13:Infinity":0,"f:13:33:13:39":0,"s:13:39:13:Infinity":1,"f:13:76:13:87":1,"s:13:89:13:Infinity":2,"s:14:20:14:Infinity":3,"f:14:31:14:37":2,"s:14:37:14:Infinity":4,"s:15:20:15:Infinity":5,"f:15:31:15:37":3,"s:15:37:15:Infinity":6,"s:16:26:16:Infinity":7,"f:16:37:16:43":4,"s:16:43:16:Infinity":8,"s:17:20:17:Infinity":9,"f:17:31:17:37":5,"s:17:37:17:Infinity":10,"s:18:21:18:Infinity":11,"f:18:32:18:38":6,"s:18:38:18:Infinity":12,"s:19:29:19:Infinity":13,"f:19:40:19:46":7,"s:19:46:19:Infinity":14,"f:19:90:19:101":8,"s:19:103:19:Infinity":15,"s:20:25:20:Infinity":16,"f:20:36:20:42":9,"s:20:42:20:Infinity":17,"f:20:82:20:93":10,"s:20:95:20:Infinity":18,"s:21:26:21:Infinity":19,"f:21:37:21:43":11,"s:21:43:21:Infinity":20,"f:21:78:21:89":12,"s:21:91:21:Infinity":21,"f:23:9:23:37":13,"s:24:10:24:Infinity":22,"b:24:19:24:34:24:34:24:38":0,"s:25:4:25:Infinity":23,"b:25:11:25:23:25:23:25:Infinity":1,"f:28:9:28:28":14,"s:29:38:29:Infinity":24,"s:30:25:30:Infinity":25,"s:31:34:31:Infinity":26,"s:32:10:32:Infinity":27,"s:33:10:33:Infinity":28,"s:36:4:53:Infinity":29,"f:36:14:36:20":15,"b:37:8:40:Infinity:undefined:undefined:undefined:undefined":2,"s:37:8:40:Infinity":30,"b:38:12:38:Infinity:undefined:undefined:undefined:undefined":3,"s:38:12:38:Infinity":31,"s:38:27:38:Infinity":32,"f:38:38:38:44":16,"s:38:44:38:65":33,"s:39:12:39:Infinity":34,"f:42:23:42:44":17,"s:43:12:49:Infinity":35,"s:44:40:44:Infinity":36,"s:45:34:45:Infinity":37,"s:46:16:46:Infinity":38,"s:48:16:48:Infinity":39,"s:52:8:52:Infinity":40,"f:56:19:56:34":18,"s:57:8:65:Infinity":41,"s:58:12:58:Infinity":42,"s:59:12:59:Infinity":43,"s:60:12:60:Infinity":44,"s:61:12:61:Infinity":45,"s:62:12:62:Infinity":46,"s:64:12:64:Infinity":47,"s:69:38:69:Infinity":48,"s:70:46:70:Infinity":49,"s:71:44:71:Infinity":50,"s:73:10:77:Infinity":51,"f:73:37:73:43":19,"s:74:23:74:Infinity":52,"b:74:23:74:67:74:67:74:Infinity":4,"b:75:8:75:Infinity:undefined:undefined:undefined:undefined":5,"s:75:8:75:Infinity":53,"s:75:27:75:Infinity":54,"s:76:8:76:Infinity":55,"b:76:43:76:64:76:64:76:66":6,"f:79:13:79:33":20,"s:80:8:80:Infinity":56,"s:81:8:81:Infinity":57,"s:84:4:96:Infinity":58,"f:84:14:84:20":21,"b:85:8:88:Infinity:undefined:undefined:undefined:undefined":7,"s:85:8:88:Infinity":59,"b:86:12:86:Infinity:undefined:undefined:undefined:undefined":8,"s:86:12:86:Infinity":60,"s:86:29:86:Infinity":61,"s:87:12:87:Infinity":62,"s:89:24:89:Infinity":63,"b:90:8:95:Infinity:undefined:undefined:undefined:undefined":9,"s:90:8:95:Infinity":64,"s:91:12:94:Infinity":65,"f:91:23:91:29":22,"s:92:16:92:Infinity":66,"s:93:16:93:Infinity":67,"s:98:4:111:Infinity":68,"f:98:14:98:20":23,"b:99:8:99:Infinity:undefined:undefined:undefined:undefined":10,"s:99:8:99:Infinity":69,"b:99:12:99:28:99:28:99:45":11,"s:99:45:99:Infinity":70,"s:100:19:109:Infinity":71,"f:100:38:100:44":24,"s:101:12:108:Infinity":72,"f:101:30:101:31":25,"b:102:16:106:Infinity:undefined:undefined:undefined:undefined":12,"s:102:16:106:Infinity":73,"s:103:20:103:Infinity":74,"s:104:20:104:Infinity":75,"s:105:20:105:Infinity":76,"s:107:16:107:Infinity":77,"s:110:8:110:Infinity":78,"f:110:15:110:21":26,"s:110:21:110:Infinity":79,"f:113:13:113:31":27,"s:114:8:114:Infinity":80,"s:115:8:115:Infinity":81,"f:117:13:117:35":28,"s:117:37:117:63":82,"f:118:13:118:39":29,"b:118:44:118:97:undefined:undefined:undefined:undefined":13,"s:118:44:118:97":83,"s:118:78:118:97":84,"f:121:13:121:33":30,"b:121:49:121:55":14,"b:121:65:121:71":15,"b:122:8:126:Infinity:124:15:126:Infinity":16,"s:122:8:126:Infinity":85,"s:123:12:123:Infinity":86,"s:125:12:125:Infinity":87,"f:129:13:129:31":31,"b:129:46:129:52":17,"b:129:67:129:73":18,"s:130:18:130:Infinity":88,"s:131:23:131:Infinity":89,"b:132:8:132:Infinity:undefined:undefined:undefined:undefined":19,"s:132:8:132:Infinity":90,"s:132:26:132:Infinity":91,"b:133:8:133:Infinity:undefined:undefined:undefined:undefined":20,"s:133:8:133:Infinity":92,"s:133:26:133:Infinity":93,"s:134:23:134:Infinity":94,"b:135:8:135:Infinity:undefined:undefined:undefined:undefined":21,"s:135:8:135:Infinity":95,"s:135:20:135:Infinity":96,"s:136:8:136:Infinity":97,"f:139:13:139:29":32,"b:140:8:140:Infinity:undefined:undefined:undefined:undefined":22,"s:140:8:140:Infinity":98,"s:140:30:140:Infinity":99,"b:141:8:141:Infinity:undefined:undefined:undefined:undefined":23,"s:141:8:141:Infinity":100,"s:141:34:141:Infinity":101,"b:142:8:142:Infinity:undefined:undefined:undefined:undefined":24,"s:142:8:142:Infinity":102,"s:142:29:142:Infinity":103,"b:143:8:143:Infinity:undefined:undefined:undefined:undefined":25,"s:143:8:143:Infinity":104,"s:143:33:143:Infinity":105,"b:144:8:144:Infinity:undefined:undefined:undefined:undefined":26,"s:144:8:144:Infinity":106,"s:144:33:144:Infinity":107,"b:145:8:145:Infinity:undefined:undefined:undefined:undefined":27,"s:145:8:145:Infinity":108,"s:145:34:145:Infinity":109,"f:148:13:148:28":33,"s:149:21:149:Infinity":110,"b:150:8:150:Infinity:undefined:undefined:undefined:undefined":28,"s:150:8:150:Infinity":111,"s:150:26:150:Infinity":112,"b:151:8:151:Infinity:undefined:undefined:undefined:undefined":29,"s:151:8:151:Infinity":113,"s:151:42:151:Infinity":114,"b:152:8:152:Infinity:undefined:undefined:undefined:undefined":30,"s:152:8:152:Infinity":115,"s:152:40:152:Infinity":116,"b:153:8:153:Infinity:undefined:undefined:undefined:undefined":31,"s:153:8:153:Infinity":117,"s:153:41:153:Infinity":118,"b:154:8:154:Infinity:undefined:undefined:undefined:undefined":32,"s:154:8:154:Infinity":119,"s:154:41:154:Infinity":120,"b:155:8:155:Infinity:undefined:undefined:undefined:undefined":33,"s:155:8:155:Infinity":121,"s:155:41:155:Infinity":122,"s:156:8:156:Infinity":123,"b:159:4:165:Infinity:undefined:undefined:undefined:undefined":34,"s:159:4:165:Infinity":124,"s:160:8:163:Infinity":125,"s:167:23:167:Infinity":126,"b:167:23:167:57:167:57:167:86:167:86:167:Infinity":35,"s:169:4:301:Infinity":127,"b:171:13:171:21:171:21:171:66:171:66:171:Infinity:172:16:190:Infinity":36,"b:194:18:194:Infinity:195:18:195:Infinity":37,"b:193:102:193:110:193:110:193:155:193:155:193:Infinity":38,"b:198:21:198:Infinity:199:24:201:Infinity":39,"b:210:66:210:93:210:93:210:114":40,"f:215:61:215:67":34,"s:215:67:215:Infinity":128,"f:219:66:219:72":35,"s:219:72:219:Infinity":129,"f:220:64:220:70":36,"s:220:70:220:Infinity":130,"f:254:61:254:67":37,"s:254:67:254:Infinity":131,"f:270:48:270:54":38,"s:270:54:270:Infinity":132,"b:288:13:288:Infinity:289:16:299:Infinity":41,"b:292:76:292:96:292:96:292:108":42,"b:295:29:295:49:295:49:295:Infinity":43,"b:296:29:296:49:296:49:296:Infinity":44,"f:305:24:305:36":39,"s:306:4:309:Infinity":133}}}
,"/Users/tiagocavalcanti/WebstormProjects/App_treino/src/AuthContext.jsx": {"path":"/Users/tiagocavalcanti/WebstormProjects/App_treino/src/AuthContext.jsx","statementMap":{"0":{"start":{"line":11,"column":6},"end":{"line":11,"column":null}},"1":{"start":{"line":14,"column":24},"end":{"line":14,"column":null}},"2":{"start":{"line":15,"column":38},"end":{"line":15,"column":null}},"3":{"start":{"line":17,"column":4},"end":{"line":24,"column":null}},"4":{"start":{"line":18,"column":28},"end":{"line":21,"column":null}},"5":{"start":{"line":19,"column":12},"end":{"line":19,"column":null}},"6":{"start":{"line":20,"column":12},"end":{"line":20,"column":null}},"7":{"start":{"line":23,"column":8},"end":{"line":23,"column":null}},"8":{"start":{"line":23,"column":21},"end":{"line":23,"column":null}},"9":{"start":{"line":26,"column":19},"end":{"line":34,"column":null}},"10":{"start":{"line":27,"column":8},"end":{"line":33,"column":null}},"11":{"start":{"line":28,"column":12},"end":{"line":28,"column":null}},"12":{"start":{"line":29,"column":12},"end":{"line":29,"column":null}},"13":{"start":{"line":31,"column":12},"end":{"line":31,"column":null}},"14":{"start":{"line":32,"column":12},"end":{"line":32,"column":null}},"15":{"start":{"line":36,"column":4},"end":{"line":39,"column":null}},"16":{"start":{"line":44,"column":4},"end":{"line":44,"column":null}}},"fnMap":{"0":{"name":"AuthProvider","decl":{"start":{"line":13,"column":16},"end":{"line":13,"column":29}},"loc":{"start":{"line":13,"column":43},"end":{"line":41,"column":null}},"line":13},"1":{"name":"(anonymous_1)","decl":{"start":{"line":17,"column":14},"end":{"line":17,"column":20}},"loc":{"start":{"line":17,"column":20},"end":{"line":24,"column":7}},"line":17},"2":{"name":"(anonymous_2)","decl":{"start":{"line":18,"column":50},"end":{"line":18,"column":51}},"loc":{"start":{"line":18,"column":68},"end":{"line":21,"column":9}},"line":18},"3":{"name":"(anonymous_3)","decl":{"start":{"line":23,"column":15},"end":{"line":23,"column":21}},"loc":{"start":{"line":23,"column":21},"end":{"line":23,"column":null}},"line":23},"4":{"name":"(anonymous_4)","decl":{"start":{"line":26,"column":19},"end":{"line":26,"column":31}},"loc":{"start":{"line":26,"column":31},"end":{"line":34,"column":null}},"line":26},"5":{"name":"useAuth","decl":{"start":{"line":43,"column":16},"end":{"line":43,"column":26}},"loc":{"start":{"line":43,"column":26},"end":{"line":45,"column":null}},"line":43}},"branchMap":{"0":{"loc":{"start":{"line":19,"column":20},"end":{"line":19,"column":40}},"type":"binary-expr","locations":[{"start":{"line":19,"column":20},"end":{"line":19,"column":36}},{"start":{"line":19,"column":36},"end":{"line":19,"column":40}}],"line":19}},"s":{"0":1,"1":5,"2":5,"3":5,"4":4,"5":1,"6":1,"7":4,"8":4,"9":5,"10":2,"11":2,"12":1,"13":1,"14":1,"15":5,"16":5},"f":{"0":5,"1":4,"2":1,"3":4,"4":2,"5":5},"b":{"0":[1,0]},"meta":{"lastBranch":1,"lastFunction":6,"lastStatement":17,"seen":{"s:11:6:11:Infinity":0,"f:13:16:13:29":0,"s:14:24:14:Infinity":1,"s:15:38:15:Infinity":2,"s:17:4:24:Infinity":3,"f:17:14:17:20":1,"s:18:28:21:Infinity":4,"f:18:50:18:51":2,"s:19:12:19:Infinity":5,"b:19:20:19:36:19:36:19:40":0,"s:20:12:20:Infinity":6,"s:23:8:23:Infinity":7,"f:23:15:23:21":3,"s:23:21:23:Infinity":8,"s:26:19:34:Infinity":9,"f:26:19:26:31":4,"s:27:8:33:Infinity":10,"s:28:12:28:Infinity":11,"s:29:12:29:Infinity":12,"s:31:12:31:Infinity":13,"s:32:12:32:Infinity":14,"s:36:4:39:Infinity":15,"f:43:16:43:26":5,"s:44:4:44:Infinity":16}}}
,"/Users/tiagocavalcanti/WebstormProjects/App_treino/src/StreakWeeklyGoalHybrid.jsx": {"path":"/Users/tiagocavalcanti/WebstormProjects/App_treino/src/StreakWeeklyGoalHybrid.jsx","statementMap":{"0":{"start":{"line":14,"column":32},"end":{"line":14,"column":null}},"1":{"start":{"line":15,"column":46},"end":{"line":15,"column":null}},"2":{"start":{"line":16,"column":48},"end":{"line":16,"column":null}},"3":{"start":{"line":20,"column":27},"end":{"line":20,"column":null}},"4":{"start":{"line":21,"column":23},"end":{"line":21,"column":null}},"5":{"start":{"line":24,"column":28},"end":{"line":24,"column":null}},"6":{"start":{"line":25,"column":30},"end":{"line":25,"column":null}},"7":{"start":{"line":26,"column":26},"end":{"line":26,"column":null}},"8":{"start":{"line":26,"column":47},"end":{"line":26,"column":70}},"9":{"start":{"line":27,"column":21},"end":{"line":27,"column":null}},"10":{"start":{"line":30,"column":4},"end":{"line":35,"column":null}},"11":{"start":{"line":31,"column":22},"end":{"line":33,"column":null}},"12":{"start":{"line":32,"column":12},"end":{"line":32,"column":null}},"13":{"start":{"line":34,"column":8},"end":{"line":34,"column":null}},"14":{"start":{"line":34,"column":21},"end":{"line":34,"column":null}},"15":{"start":{"line":38,"column":23},"end":{"line":45,"column":null}},"16":{"start":{"line":39,"column":18},"end":{"line":39,"column":null}},"17":{"start":{"line":40,"column":8},"end":{"line":40,"column":null}},"18":{"start":{"line":41,"column":8},"end":{"line":41,"column":null}},"19":{"start":{"line":42,"column":26},"end":{"line":42,"column":null}},"20":{"start":{"line":43,"column":23},"end":{"line":43,"column":null}},"21":{"start":{"line":44,"column":8},"end":{"line":44,"column":null}},"22":{"start":{"line":48,"column":4},"end":{"line":59,"column":null}},"23":{"start":{"line":49,"column":8},"end":{"line":58,"column":null}},"24":{"start":{"line":50,"column":24},"end":{"line":50,"column":null}},"25":{"start":{"line":51,"column":29},"end":{"line":51,"column":null}},"26":{"start":{"line":53,"column":12},"end":{"line":57,"column":null}},"27":{"start":{"line":54,"column":16},"end":{"line":54,"column":null}},"28":{"start":{"line":54,"column":33},"end":{"line":54,"column":59}},"29":{"start":{"line":55,"column":16},"end":{"line":55,"column":null}},"30":{"start":{"line":56,"column":16},"end":{"line":56,"column":null}},"31":{"start":{"line":56,"column":33},"end":{"line":56,"column":60}},"32":{"start":{"line":62,"column":27},"end":{"line":95,"column":null}},"33":{"start":{"line":63,"column":8},"end":{"line":70,"column":null}},"34":{"start":{"line":63,"column":33},"end":{"line":70,"column":null}},"35":{"start":{"line":71,"column":8},"end":{"line":78,"column":null}},"36":{"start":{"line":71,"column":32},"end":{"line":78,"column":null}},"37":{"start":{"line":79,"column":8},"end":{"line":86,"column":null}},"38":{"start":{"line":79,"column":32},"end":{"line":86,"column":null}},"39":{"start":{"line":87,"column":8},"end":{"line":94,"column":null}},"40":{"start":{"line":97,"column":18},"end":{"line":97,"column":null}},"41":{"start":{"line":99,"column":4},"end":{"line":303,"column":null}},"42":{"start":{"line":189,"column":36},"end":{"line":191,"column":null}},"43":{"start":{"line":198,"column":54},"end":{"line":198,"column":null}},"44":{"start":{"line":199,"column":52},"end":{"line":199,"column":null}},"45":{"start":{"line":203,"column":49},"end":{"line":203,"column":null}},"46":{"start":{"line":204,"column":36},"end":{"line":209,"column":null}},"47":{"start":{"line":205,"column":40},"end":{"line":208,"column":null}},"48":{"start":{"line":205,"column":57},"end":{"line":205,"column":null}},"49":{"start":{"line":205,"column":66},"end":{"line":208,"column":null}},"50":{"start":{"line":206,"column":69},"end":{"line":206,"column":null}},"51":{"start":{"line":206,"column":78},"end":{"line":208,"column":null}},"52":{"start":{"line":207,"column":61},"end":{"line":207,"column":null}},"53":{"start":{"line":208,"column":45},"end":{"line":208,"column":null}},"54":{"start":{"line":211,"column":54},"end":{"line":211,"column":null}},"55":{"start":{"line":212,"column":42},"end":{"line":212,"column":null}},"56":{"start":{"line":216,"column":54},"end":{"line":216,"column":null}},"57":{"start":{"line":218,"column":36},"end":{"line":260,"column":null}},"58":{"start":{"line":291,"column":32},"end":{"line":291,"column":null}},"59":{"start":{"line":292,"column":32},"end":{"line":292,"column":null}},"60":{"start":{"line":292,"column":52},"end":{"line":292,"column":57}}},"fnMap":{"0":{"name":"StreakWeeklyGoalHybrid","decl":{"start":{"line":4,"column":16},"end":{"line":4,"column":39}},"loc":{"start":{"line":12,"column":3},"end":{"line":305,"column":null}},"line":12},"1":{"name":"(anonymous_1)","decl":{"start":{"line":26,"column":42},"end":{"line":26,"column":47}},"loc":{"start":{"line":26,"column":47},"end":{"line":26,"column":70}},"line":26},"2":{"name":"(anonymous_2)","decl":{"start":{"line":30,"column":14},"end":{"line":30,"column":20}},"loc":{"start":{"line":30,"column":20},"end":{"line":35,"column":7}},"line":30},"3":{"name":"(anonymous_3)","decl":{"start":{"line":31,"column":33},"end":{"line":31,"column":39}},"loc":{"start":{"line":31,"column":39},"end":{"line":33,"column":11}},"line":31},"4":{"name":"(anonymous_4)","decl":{"start":{"line":34,"column":15},"end":{"line":34,"column":21}},"loc":{"start":{"line":34,"column":21},"end":{"line":34,"column":null}},"line":34},"5":{"name":"(anonymous_5)","decl":{"start":{"line":38,"column":23},"end":{"line":38,"column":29}},"loc":{"start":{"line":38,"column":29},"end":{"line":45,"column":null}},"line":38},"6":{"name":"(anonymous_6)","decl":{"start":{"line":48,"column":14},"end":{"line":48,"column":20}},"loc":{"start":{"line":48,"column":20},"end":{"line":59,"column":7}},"line":48},"7":{"name":"(anonymous_7)","decl":{"start":{"line":54,"column":27},"end":{"line":54,"column":33}},"loc":{"start":{"line":54,"column":33},"end":{"line":54,"column":59}},"line":54},"8":{"name":"(anonymous_8)","decl":{"start":{"line":56,"column":27},"end":{"line":56,"column":33}},"loc":{"start":{"line":56,"column":33},"end":{"line":56,"column":60}},"line":56},"9":{"name":"(anonymous_9)","decl":{"start":{"line":62,"column":27},"end":{"line":62,"column":33}},"loc":{"start":{"line":62,"column":33},"end":{"line":95,"column":null}},"line":62},"10":{"name":"(anonymous_10)","decl":{"start":{"line":188,"column":73},"end":{"line":188,"column":74}},"loc":{"start":{"line":189,"column":36},"end":{"line":191,"column":null}},"line":189},"11":{"name":"(anonymous_11)","decl":{"start":{"line":197,"column":79},"end":{"line":197,"column":80}},"loc":{"start":{"line":197,"column":93},"end":{"line":262,"column":33}},"line":197},"12":{"name":"(anonymous_12)","decl":{"start":{"line":290,"column":37},"end":{"line":290,"column":38}},"loc":{"start":{"line":290,"column":44},"end":{"line":293,"column":null}},"line":290},"13":{"name":"(anonymous_13)","decl":{"start":{"line":292,"column":44},"end":{"line":292,"column":52}},"loc":{"start":{"line":292,"column":52},"end":{"line":292,"column":57}},"line":292}},"branchMap":{"0":{"loc":{"start":{"line":20,"column":27},"end":{"line":20,"column":null}},"type":"binary-expr","locations":[{"start":{"line":20,"column":27},"end":{"line":20,"column":81}},{"start":{"line":20,"column":81},"end":{"line":20,"column":null}}],"line":20},"1":{"loc":{"start":{"line":26,"column":47},"end":{"line":26,"column":70}},"type":"binary-expr","locations":[{"start":{"line":26,"column":47},"end":{"line":26,"column":61}},{"start":{"line":26,"column":61},"end":{"line":26,"column":70}}],"line":26},"2":{"loc":{"start":{"line":27,"column":21},"end":{"line":27,"column":null}},"type":"binary-expr","locations":[{"start":{"line":27,"column":21},"end":{"line":27,"column":58}},{"start":{"line":27,"column":58},"end":{"line":27,"column":null}}],"line":27},"3":{"loc":{"start":{"line":41,"column":37},"end":{"line":41,"column":53}},"type":"binary-expr","locations":[{"start":{"line":41,"column":37},"end":{"line":41,"column":51}},{"start":{"line":41,"column":51},"end":{"line":41,"column":53}}],"line":41},"4":{"loc":{"start":{"line":49,"column":8},"end":{"line":58,"column":null}},"type":"if","locations":[{"start":{"line":49,"column":8},"end":{"line":58,"column":null}},{"start":{},"end":{}}],"line":49},"5":{"loc":{"start":{"line":53,"column":12},"end":{"line":57,"column":null}},"type":"if","locations":[{"start":{"line":53,"column":12},"end":{"line":57,"column":null}},{"start":{},"end":{}}],"line":53},"6":{"loc":{"start":{"line":53,"column":16},"end":{"line":53,"column":47}},"type":"binary-expr","locations":[{"start":{"line":53,"column":16},"end":{"line":53,"column":29}},{"start":{"line":53,"column":29},"end":{"line":53,"column":47}}],"line":53},"7":{"loc":{"start":{"line":63,"column":8},"end":{"line":70,"column":null}},"type":"if","locations":[{"start":{"line":63,"column":8},"end":{"line":70,"column":null}},{"start":{},"end":{}}],"line":63},"8":{"loc":{"start":{"line":71,"column":8},"end":{"line":78,"column":null}},"type":"if","locations":[{"start":{"line":71,"column":8},"end":{"line":78,"column":null}},{"start":{},"end":{}}],"line":71},"9":{"loc":{"start":{"line":79,"column":8},"end":{"line":86,"column":null}},"type":"if","locations":[{"start":{"line":79,"column":8},"end":{"line":86,"column":null}},{"start":{},"end":{}}],"line":79},"10":{"loc":{"start":{"line":173,"column":29},"end":{"line":177,"column":null}},"type":"binary-expr","locations":[{"start":{"line":173,"column":29},"end":{"line":173,"column":null}},{"start":{"line":174,"column":32},"end":{"line":177,"column":null}}],"line":173},"11":{"loc":{"start":{"line":197,"column":34},"end":{"line":197,"column":75}},"type":"cond-expr","locations":[{"start":{"line":197,"column":46},"end":{"line":197,"column":65}},{"start":{"line":197,"column":65},"end":{"line":197,"column":75}}],"line":197},"12":{"loc":{"start":{"line":197,"column":46},"end":{"line":197,"column":65}},"type":"binary-expr","locations":[{"start":{"line":197,"column":46},"end":{"line":197,"column":59}},{"start":{"line":197,"column":59},"end":{"line":197,"column":65}}],"line":197},"13":{"loc":{"start":{"line":199,"column":52},"end":{"line":199,"column":null}},"type":"binary-expr","locations":[{"start":{"line":199,"column":52},"end":{"line":199,"column":94}},{"start":{"line":199,"column":94},"end":{"line":199,"column":117}},{"start":{"line":199,"column":117},"end":{"line":199,"column":null}}],"line":199},"14":{"loc":{"start":{"line":204,"column":36},"end":{"line":209,"column":null}},"type":"if","locations":[{"start":{"line":204,"column":36},"end":{"line":209,"column":null}},{"start":{},"end":{}}],"line":204},"15":{"loc":{"start":{"line":205,"column":40},"end":{"line":208,"column":null}},"type":"if","locations":[{"start":{"line":205,"column":40},"end":{"line":208,"column":null}},{"start":{"line":205,"column":66},"end":{"line":208,"column":null}}],"line":205},"16":{"loc":{"start":{"line":205,"column":66},"end":{"line":208,"column":null}},"type":"if","locations":[{"start":{"line":205,"column":66},"end":{"line":208,"column":null}},{"start":{"line":206,"column":78},"end":{"line":208,"column":null}}],"line":205},"17":{"loc":{"start":{"line":206,"column":78},"end":{"line":208,"column":null}},"type":"if","locations":[{"start":{"line":206,"column":78},"end":{"line":208,"column":null}},{"start":{"line":208,"column":45},"end":{"line":208,"column":null}}],"line":206},"18":{"loc":{"start":{"line":212,"column":42},"end":{"line":212,"column":null}},"type":"binary-expr","locations":[{"start":{"line":212,"column":52},"end":{"line":212,"column":73}},{"start":{"line":212,"column":73},"end":{"line":212,"column":106}},{"start":{"line":212,"column":106},"end":{"line":212,"column":null}}],"line":212},"19":{"loc":{"start":{"line":216,"column":54},"end":{"line":216,"column":null}},"type":"cond-expr","locations":[{"start":{"line":216,"column":70},"end":{"line":216,"column":132}},{"start":{"line":216,"column":132},"end":{"line":216,"column":null}}],"line":216},"20":{"loc":{"start":{"line":216,"column":70},"end":{"line":216,"column":132}},"type":"binary-expr","locations":[{"start":{"line":216,"column":70},"end":{"line":216,"column":101}},{"start":{"line":216,"column":101},"end":{"line":216,"column":132}}],"line":216},"21":{"loc":{"start":{"line":223,"column":50},"end":{"line":223,"column":207}},"type":"cond-expr","locations":[{"start":{"line":223,"column":62},"end":{"line":223,"column":205}},{"start":{"line":223,"column":205},"end":{"line":223,"column":207}}],"line":223},"22":{"loc":{"start":{"line":224,"column":50},"end":{"line":224,"column":143}},"type":"cond-expr","locations":[{"start":{"line":224,"column":76},"end":{"line":224,"column":141}},{"start":{"line":224,"column":141},"end":{"line":224,"column":143}}],"line":224},"23":{"loc":{"start":{"line":224,"column":50},"end":{"line":224,"column":76}},"type":"binary-expr","locations":[{"start":{"line":224,"column":50},"end":{"line":224,"column":64}},{"start":{"line":224,"column":64},"end":{"line":224,"column":76}}],"line":224},"24":{"loc":{"start":{"line":225,"column":50},"end":{"line":225,"column":148}},"type":"cond-expr","locations":[{"start":{"line":225,"column":87},"end":{"line":225,"column":146}},{"start":{"line":225,"column":146},"end":{"line":225,"column":148}}],"line":225},"25":{"loc":{"start":{"line":225,"column":50},"end":{"line":225,"column":87}},"type":"binary-expr","locations":[{"start":{"line":225,"column":50},"end":{"line":225,"column":64}},{"start":{"line":225,"column":64},"end":{"line":225,"column":78}},{"start":{"line":225,"column":78},"end":{"line":225,"column":87}}],"line":225},"26":{"loc":{"start":{"line":226,"column":50},"end":{"line":226,"column":152}},"type":"cond-expr","locations":[{"start":{"line":226,"column":88},"end":{"line":226,"column":150}},{"start":{"line":226,"column":150},"end":{"line":226,"column":152}}],"line":226},"27":{"loc":{"start":{"line":226,"column":50},"end":{"line":226,"column":88}},"type":"binary-expr","locations":[{"start":{"line":226,"column":50},"end":{"line":226,"column":64}},{"start":{"line":226,"column":64},"end":{"line":226,"column":78}},{"start":{"line":226,"column":78},"end":{"line":226,"column":88}}],"line":226},"28":{"loc":{"start":{"line":227,"column":50},"end":{"line":227,"column":173}},"type":"cond-expr","locations":[{"start":{"line":227,"column":60},"end":{"line":227,"column":171}},{"start":{"line":227,"column":171},"end":{"line":227,"column":173}}],"line":227},"29":{"loc":{"start":{"line":228,"column":50},"end":{"line":228,"column":98}},"type":"cond-expr","locations":[{"start":{"line":228,"column":71},"end":{"line":228,"column":96}},{"start":{"line":228,"column":96},"end":{"line":228,"column":98}}],"line":228},"30":{"loc":{"start":{"line":232,"column":45},"end":{"line":246,"column":null}},"type":"binary-expr","locations":[{"start":{"line":232,"column":45},"end":{"line":232,"column":null}},{"start":{"line":233,"column":48},"end":{"line":246,"column":null}}],"line":232},"31":{"loc":{"start":{"line":250,"column":45},"end":{"line":251,"column":null}},"type":"binary-expr","locations":[{"start":{"line":250,"column":45},"end":{"line":250,"column":null}},{"start":{"line":251,"column":48},"end":{"line":251,"column":null}}],"line":250},"32":{"loc":{"start":{"line":255,"column":46},"end":{"line":258,"column":null}},"type":"binary-expr","locations":[{"start":{"line":255,"column":46},"end":{"line":255,"column":60}},{"start":{"line":255,"column":60},"end":{"line":255,"column":null}},{"start":{"line":256,"column":48},"end":{"line":258,"column":null}}],"line":255},"33":{"loc":{"start":{"line":256,"column":90},"end":{"line":256,"column":158}},"type":"cond-expr","locations":[{"start":{"line":256,"column":100},"end":{"line":256,"column":115}},{"start":{"line":256,"column":115},"end":{"line":256,"column":158}}],"line":256},"34":{"loc":{"start":{"line":296,"column":29},"end":{"line":296,"column":null}},"type":"cond-expr","locations":[{"start":{"line":296,"column":40},"end":{"line":296,"column":63}},{"start":{"line":296,"column":63},"end":{"line":296,"column":null}}],"line":296},"35":{"loc":{"start":{"line":297,"column":99},"end":{"line":297,"column":127}},"type":"cond-expr","locations":[{"start":{"line":297,"column":110},"end":{"line":297,"column":125}},{"start":{"line":297,"column":125},"end":{"line":297,"column":127}}],"line":297}},"s":{"0":4,"1":4,"2":4,"3":4,"4":4,"5":4,"6":4,"7":4,"8":28,"9":4,"10":4,"11":4,"12":0,"13":4,"14":4,"15":4,"16":0,"17":0,"18":0,"19":0,"20":0,"21":0,"22":4,"23":4,"24":0,"25":0,"26":0,"27":0,"28":0,"29":0,"30":0,"31":0,"32":4,"33":4,"34":0,"35":4,"36":0,"37":4,"38":0,"39":4,"40":4,"41":4,"42":28,"43":28,"44":28,"45":28,"46":28,"47":28,"48":6,"49":22,"50":0,"51":22,"52":10,"53":12,"54":28,"55":28,"56":28,"57":28,"58":0,"59":0,"60":0},"f":{"0":4,"1":28,"2":4,"3":0,"4":4,"5":0,"6":4,"7":0,"8":0,"9":4,"10":28,"11":28,"12":0,"13":0},"b":{"0":[4,1],"1":[28,22],"2":[4,1],"3":[0,0],"4":[0,4],"5":[0,0],"6":[0,0],"7":[0,4],"8":[0,4],"9":[0,4],"10":[4,1],"11":[0,4],"12":[0,0],"13":[28,0,0],"14":[28,0],"15":[6,22],"16":[0,22],"17":[10,12],"18":[28,18,10],"19":[28,0],"20":[28,24],"21":[6,22],"22":[8,20],"23":[28,22],"24":[10,18],"25":[28,22,14],"26":[4,24],"27":[28,22,14],"28":[0,28],"29":[0,28],"30":[28,6],"31":[28,10],"32":[28,22,12],"33":[0,12],"34":[0,4],"35":[0,4]},"meta":{"lastBranch":36,"lastFunction":14,"lastStatement":61,"seen":{"f:4:16:4:39":0,"s:14:32:14:Infinity":0,"s:15:46:15:Infinity":1,"s:16:48:16:Infinity":2,"s:20:27:20:Infinity":3,"b:20:27:20:81:20:81:20:Infinity":0,"s:21:23:21:Infinity":4,"s:24:28:24:Infinity":5,"s:25:30:25:Infinity":6,"s:26:26:26:Infinity":7,"f:26:42:26:47":1,"s:26:47:26:70":8,"b:26:47:26:61:26:61:26:70":1,"s:27:21:27:Infinity":9,"b:27:21:27:58:27:58:27:Infinity":2,"s:30:4:35:Infinity":10,"f:30:14:30:20":2,"s:31:22:33:Infinity":11,"f:31:33:31:39":3,"s:32:12:32:Infinity":12,"s:34:8:34:Infinity":13,"f:34:15:34:21":4,"s:34:21:34:Infinity":14,"s:38:23:45:Infinity":15,"f:38:23:38:29":5,"s:39:18:39:Infinity":16,"s:40:8:40:Infinity":17,"s:41:8:41:Infinity":18,"b:41:37:41:51:41:51:41:53":3,"s:42:26:42:Infinity":19,"s:43:23:43:Infinity":20,"s:44:8:44:Infinity":21,"s:48:4:59:Infinity":22,"f:48:14:48:20":6,"b:49:8:58:Infinity:undefined:undefined:undefined:undefined":4,"s:49:8:58:Infinity":23,"s:50:24:50:Infinity":24,"s:51:29:51:Infinity":25,"b:53:12:57:Infinity:undefined:undefined:undefined:undefined":5,"s:53:12:57:Infinity":26,"b:53:16:53:29:53:29:53:47":6,"s:54:16:54:Infinity":27,"f:54:27:54:33":7,"s:54:33:54:59":28,"s:55:16:55:Infinity":29,"s:56:16:56:Infinity":30,"f:56:27:56:33":8,"s:56:33:56:60":31,"s:62:27:95:Infinity":32,"f:62:27:62:33":9,"b:63:8:70:Infinity:undefined:undefined:undefined:undefined":7,"s:63:8:70:Infinity":33,"s:63:33:70:Infinity":34,"b:71:8:78:Infinity:undefined:undefined:undefined:undefined":8,"s:71:8:78:Infinity":35,"s:71:32:78:Infinity":36,"b:79:8:86:Infinity:undefined:undefined:undefined:undefined":9,"s:79:8:86:Infinity":37,"s:79:32:86:Infinity":38,"s:87:8:94:Infinity":39,"s:97:18:97:Infinity":40,"s:99:4:303:Infinity":41,"b:173:29:173:Infinity:174:32:177:Infinity":10,"f:188:73:188:74":10,"s:189:36:191:Infinity":42,"b:197:46:197:65:197:65:197:75":11,"b:197:46:197:59:197:59:197:65":12,"f:197:79:197:80":11,"s:198:54:198:Infinity":43,"s:199:52:199:Infinity":44,"b:199:52:199:94:199:94:199:117:199:117:199:Infinity":13,"s:203:49:203:Infinity":45,"b:204:36:209:Infinity:undefined:undefined:undefined:undefined":14,"s:204:36:209:Infinity":46,"b:205:40:208:Infinity:205:66:208:Infinity":15,"s:205:40:208:Infinity":47,"s:205:57:205:Infinity":48,"b:205:66:208:Infinity:206:78:208:Infinity":16,"s:205:66:208:Infinity":49,"s:206:69:206:Infinity":50,"b:206:78:208:Infinity:208:45:208:Infinity":17,"s:206:78:208:Infinity":51,"s:207:61:207:Infinity":52,"s:208:45:208:Infinity":53,"s:211:54:211:Infinity":54,"s:212:42:212:Infinity":55,"b:212:52:212:73:212:73:212:106:212:106:212:Infinity":18,"s:216:54:216:Infinity":56,"b:216:70:216:132:216:132:216:Infinity":19,"b:216:70:216:101:216:101:216:132":20,"s:218:36:260:Infinity":57,"b:223:62:223:205:223:205:223:207":21,"b:224:76:224:141:224:141:224:143":22,"b:224:50:224:64:224:64:224:76":23,"b:225:87:225:146:225:146:225:148":24,"b:225:50:225:64:225:64:225:78:225:78:225:87":25,"b:226:88:226:150:226:150:226:152":26,"b:226:50:226:64:226:64:226:78:226:78:226:88":27,"b:227:60:227:171:227:171:227:173":28,"b:228:71:228:96:228:96:228:98":29,"b:232:45:232:Infinity:233:48:246:Infinity":30,"b:250:45:250:Infinity:251:48:251:Infinity":31,"b:255:46:255:60:255:60:255:Infinity:256:48:258:Infinity":32,"b:256:100:256:115:256:115:256:158":33,"f:290:37:290:38":12,"s:291:32:291:Infinity":58,"s:292:32:292:Infinity":59,"f:292:44:292:52":13,"s:292:52:292:57":60,"b:296:40:296:63:296:63:296:Infinity":34,"b:297:110:297:125:297:125:297:127":35}}}
,"/Users/tiagocavalcanti/WebstormProjects/App_treino/src/firebaseApp.js": {"path":"/Users/tiagocavalcanti/WebstormProjects/App_treino/src/firebaseApp.js","statementMap":{"0":{"start":{"line":8,"column":23},"end":{"line":15,"column":1}},"1":{"start":{"line":17,"column":21},"end":{"line":24,"column":1}},"2":{"start":{"line":26,"column":20},"end":{"line":26,"column":68}},"3":{"start":{"line":26,"column":47},"end":{"line":26,"column":67}},"4":{"start":{"line":28,"column":0},"end":{"line":34,"column":null}},"5":{"start":{"line":29,"column":4},"end":{"line":32,"column":null}},"6":{"start":{"line":33,"column":4},"end":{"line":33,"column":null}},"7":{"start":{"line":36,"column":18},"end":{"line":36,"column":48}}},"fnMap":{"0":{"name":"(anonymous_0)","decl":{"start":{"line":26,"column":40},"end":{"line":26,"column":43}},"loc":{"start":{"line":26,"column":47},"end":{"line":26,"column":67}},"line":26}},"branchMap":{"0":{"loc":{"start":{"line":28,"column":0},"end":{"line":34,"column":null}},"type":"if","locations":[{"start":{"line":28,"column":0},"end":{"line":34,"column":null}},{"start":{},"end":{}}],"line":28}},"s":{"0":3,"1":3,"2":3,"3":18,"4":3,"5":0,"6":0,"7":3},"f":{"0":18},"b":{"0":[0,3]},"meta":{"lastBranch":1,"lastFunction":1,"lastStatement":8,"seen":{"s:8:23:15:1":0,"s:17:21:24:1":1,"s:26:20:26:68":2,"f:26:40:26:43":0,"s:26:47:26:67":3,"b:28:0:34:Infinity:undefined:undefined:undefined:undefined":0,"s:28:0:34:Infinity":4,"s:29:4:32:Infinity":5,"s:33:4:33:Infinity":6,"s:36:18:36:48":7}}}
,"/Users/tiagocavalcanti/WebstormProjects/App_treino/src/firebaseAuth.js": {"path":"/Users/tiagocavalcanti/WebstormProjects/App_treino/src/firebaseAuth.js","statementMap":{"0":{"start":{"line":8,"column":19},"end":{"line":8,"column":32}},"1":{"start":{"line":9,"column":30},"end":{"line":9,"column":54}}},"fnMap":{},"branchMap":{},"s":{"0":1,"1":1},"f":{},"b":{},"meta":{"lastBranch":0,"lastFunction":0,"lastStatement":2,"seen":{"s:8:19:8:32":0,"s:9:30:9:54":1}}}
,"/Users/tiagocavalcanti/WebstormProjects/App_treino/src/firebaseDb.js": {"path":"/Users/tiagocavalcanti/WebstormProjects/App_treino/src/firebaseDb.js","statementMap":{"0":{"start":{"line":8,"column":17},"end":{"line":8,"column":35}},"1":{"start":{"line":11,"column":0},"end":{"line":17,"column":null}},"2":{"start":{"line":12,"column":4},"end":{"line":16,"column":null}},"3":{"start":{"line":13,"column":8},"end":{"line":13,"column":null}},"4":{"start":{"line":14,"column":11},"end":{"line":16,"column":null}},"5":{"start":{"line":15,"column":8},"end":{"line":15,"column":null}}},"fnMap":{"0":{"name":"(anonymous_0)","decl":{"start":{"line":11,"column":37},"end":{"line":11,"column":38}},"loc":{"start":{"line":11,"column":46},"end":{"line":17,"column":1}},"line":11}},"branchMap":{"0":{"loc":{"start":{"line":12,"column":4},"end":{"line":16,"column":null}},"type":"if","locations":[{"start":{"line":12,"column":4},"end":{"line":16,"column":null}},{"start":{"line":14,"column":11},"end":{"line":16,"column":null}}],"line":12},"1":{"loc":{"start":{"line":14,"column":11},"end":{"line":16,"column":null}},"type":"if","locations":[{"start":{"line":14,"column":11},"end":{"line":16,"column":null}},{"start":{},"end":{}}],"line":14}},"s":{"0":3,"1":3,"2":0,"3":0,"4":0,"5":0},"f":{"0":0},"b":{"0":[0,0],"1":[0,0]},"meta":{"lastBranch":2,"lastFunction":1,"lastStatement":6,"seen":{"s:8:17:8:35":0,"s:11:0:17:Infinity":1,"f:11:37:11:38":0,"b:12:4:16:Infinity:14:11:16:Infinity":0,"s:12:4:16:Infinity":2,"s:13:8:13:Infinity":3,"b:14:11:16:Infinity:undefined:undefined:undefined:undefined":1,"s:14:11:16:Infinity":4,"s:15:8:15:Infinity":5}}}
,"/Users/tiagocavalcanti/WebstormProjects/App_treino/src/style.css": {"path":"/Users/tiagocavalcanti/WebstormProjects/App_treino/src/style.css","statementMap":{},"fnMap":{},"branchMap":{},"s":{},"f":{},"b":{},"meta":{"lastBranch":0,"lastFunction":0,"lastStatement":0,"seen":{}}}
,"/Users/tiagocavalcanti/WebstormProjects/App_treino/src/components/ErrorBoundary.jsx": {"path":"/Users/tiagocavalcanti/WebstormProjects/App_treino/src/components/ErrorBoundary.jsx","statementMap":{"0":{"start":{"line":6,"column":8},"end":{"line":6,"column":null}},"1":{"start":{"line":7,"column":8},"end":{"line":7,"column":null}},"2":{"start":{"line":11,"column":8},"end":{"line":11,"column":null}},"3":{"start":{"line":17,"column":29},"end":{"line":19,"column":null}},"4":{"start":{"line":21,"column":8},"end":{"line":29,"column":null}},"5":{"start":{"line":22,"column":32},"end":{"line":22,"column":null}},"6":{"start":{"line":23,"column":12},"end":{"line":28,"column":null}},"7":{"start":{"line":24,"column":16},"end":{"line":24,"column":null}},"8":{"start":{"line":25,"column":16},"end":{"line":25,"column":null}},"9":{"start":{"line":26,"column":16},"end":{"line":26,"column":null}},"10":{"start":{"line":27,"column":16},"end":{"line":27,"column":null}},"11":{"start":{"line":32,"column":8},"end":{"line":32,"column":null}},"12":{"start":{"line":34,"column":8},"end":{"line":34,"column":null}},"13":{"start":{"line":36,"column":8},"end":{"line":36,"column":null}},"14":{"start":{"line":37,"column":8},"end":{"line":37,"column":null}},"15":{"start":{"line":41,"column":8},"end":{"line":86,"column":null}},"16":{"start":{"line":42,"column":12},"end":{"line":84,"column":null}},"17":{"start":{"line":62,"column":28},"end":{"line":62,"column":null}},"18":{"start":{"line":63,"column":28},"end":{"line":63,"column":null}},"19":{"start":{"line":88,"column":8},"end":{"line":88,"column":null}}},"fnMap":{"0":{"name":"(anonymous_0)","decl":{"start":{"line":5,"column":4},"end":{"line":5,"column":16}},"loc":{"start":{"line":5,"column":23},"end":{"line":8,"column":null}},"line":5},"1":{"name":"(anonymous_1)","decl":{"start":{"line":10,"column":11},"end":{"line":10,"column":38}},"loc":{"start":{"line":10,"column":38},"end":{"line":12,"column":null}},"line":10},"2":{"name":"(anonymous_2)","decl":{"start":{"line":14,"column":4},"end":{"line":14,"column":22}},"loc":{"start":{"line":14,"column":40},"end":{"line":38,"column":null}},"line":14},"3":{"name":"(anonymous_3)","decl":{"start":{"line":40,"column":4},"end":{"line":40,"column":13}},"loc":{"start":{"line":40,"column":13},"end":{"line":89,"column":null}},"line":40},"4":{"name":"(anonymous_4)","decl":{"start":{"line":61,"column":33},"end":{"line":61,"column":39}},"loc":{"start":{"line":61,"column":39},"end":{"line":64,"column":null}},"line":61}},"branchMap":{"0":{"loc":{"start":{"line":17,"column":29},"end":{"line":19,"column":null}},"type":"binary-expr","locations":[{"start":{"line":17,"column":29},"end":{"line":17,"column":null}},{"start":{"line":18,"column":12},"end":{"line":18,"column":null}},{"start":{"line":19,"column":12},"end":{"line":19,"column":null}}],"line":17},"1":{"loc":{"start":{"line":21,"column":8},"end":{"line":29,"column":null}},"type":"if","locations":[{"start":{"line":21,"column":8},"end":{"line":29,"column":null}},{"start":{},"end":{}}],"line":21},"2":{"loc":{"start":{"line":23,"column":12},"end":{"line":28,"column":null}},"type":"if","locations":[{"start":{"line":23,"column":12},"end":{"line":28,"column":null}},{"start":{},"end":{}}],"line":23},"3":{"loc":{"start":{"line":41,"column":8},"end":{"line":86,"column":null}},"type":"if","locations":[{"start":{"line":41,"column":8},"end":{"line":86,"column":null}},{"start":{},"end":{}}],"line":41},"4":{"loc":{"start":{"line":81,"column":29},"end":{"line":81,"column":null}},"type":"binary-expr","locations":[{"start":{"line":81,"column":29},"end":{"line":81,"column":49}},{"start":{"line":81,"column":49},"end":{"line":81,"column":null}}],"line":81}},"s":{"0":3,"1":3,"2":0,"3":0,"4":0,"5":0,"6":0,"7":0,"8":0,"9":0,"10":0,"11":0,"12":0,"13":0,"14":0,"15":3,"16":0,"17":0,"18":0,"19":3},"f":{"0":3,"1":1,"2":0,"3":3,"4":0},"b":{"0":[0,0,0],"1":[0,0],"2":[0,0],"3":[0,3],"4":[0,0]},"meta":{"lastBranch":5,"lastFunction":5,"lastStatement":20,"seen":{"f:5:4:5:16":0,"s:6:8:6:Infinity":0,"s:7:8:7:Infinity":1,"f:10:11:10:38":1,"s:11:8:11:Infinity":2,"f:14:4:14:22":2,"s:17:29:19:Infinity":3,"b:17:29:17:Infinity:18:12:18:Infinity:19:12:19:Infinity":0,"b:21:8:29:Infinity:undefined:undefined:undefined:undefined":1,"s:21:8:29:Infinity":4,"s:22:32:22:Infinity":5,"b:23:12:28:Infinity:undefined:undefined:undefined:undefined":2,"s:23:12:28:Infinity":6,"s:24:16:24:Infinity":7,"s:25:16:25:Infinity":8,"s:26:16:26:Infinity":9,"s:27:16:27:Infinity":10,"s:32:8:32:Infinity":11,"s:34:8:34:Infinity":12,"s:36:8:36:Infinity":13,"s:37:8:37:Infinity":14,"f:40:4:40:13":3,"b:41:8:86:Infinity:undefined:undefined:undefined:undefined":3,"s:41:8:86:Infinity":15,"s:42:12:84:Infinity":16,"f:61:33:61:39":4,"s:62:28:62:Infinity":17,"s:63:28:63:Infinity":18,"b:81:29:81:49:81:49:81:Infinity":4,"s:88:8:88:Infinity":19}}}
,"/Users/tiagocavalcanti/WebstormProjects/App_treino/src/components/ProtectedRoute.jsx": {"path":"/Users/tiagocavalcanti/WebstormProjects/App_treino/src/components/ProtectedRoute.jsx","statementMap":{"0":{"start":{"line":7,"column":30},"end":{"line":7,"column":null}},"1":{"start":{"line":8,"column":10},"end":{"line":8,"column":null}},"2":{"start":{"line":10,"column":4},"end":{"line":16,"column":null}},"3":{"start":{"line":11,"column":8},"end":{"line":14,"column":null}},"4":{"start":{"line":18,"column":4},"end":{"line":21,"column":null}},"5":{"start":{"line":20,"column":8},"end":{"line":20,"column":null}},"6":{"start":{"line":23,"column":4},"end":{"line":23,"column":null}}},"fnMap":{"0":{"name":"ProtectedRoute","decl":{"start":{"line":6,"column":16},"end":{"line":6,"column":31}},"loc":{"start":{"line":6,"column":45},"end":{"line":24,"column":null}},"line":6}},"branchMap":{"0":{"loc":{"start":{"line":10,"column":4},"end":{"line":16,"column":null}},"type":"if","locations":[{"start":{"line":10,"column":4},"end":{"line":16,"column":null}},{"start":{},"end":{}}],"line":10},"1":{"loc":{"start":{"line":18,"column":4},"end":{"line":21,"column":null}},"type":"if","locations":[{"start":{"line":18,"column":4},"end":{"line":21,"column":null}},{"start":{},"end":{}}],"line":18}},"s":{"0":3,"1":3,"2":3,"3":0,"4":3,"5":0,"6":3},"f":{"0":3},"b":{"0":[0,3],"1":[0,3]},"meta":{"lastBranch":2,"lastFunction":1,"lastStatement":7,"seen":{"f:6:16:6:31":0,"s:7:30:7:Infinity":0,"s:8:10:8:Infinity":1,"b:10:4:16:Infinity:undefined:undefined:undefined:undefined":0,"s:10:4:16:Infinity":2,"s:11:8:14:Infinity":3,"b:18:4:21:Infinity:undefined:undefined:undefined:undefined":1,"s:18:4:21:Infinity":4,"s:20:8:20:Infinity":5,"s:23:4:23:Infinity":6}}}
,"/Users/tiagocavalcanti/WebstormProjects/App_treino/src/components/design-system/Button.jsx": {"path":"/Users/tiagocavalcanti/WebstormProjects/App_treino/src/components/design-system/Button.jsx","statementMap":{"0":{"start":{"line":9,"column":22},"end":{"line":116,"column":null}},"1":{"start":{"line":26,"column":23},"end":{"line":26,"column":null}},"2":{"start":{"line":29,"column":23},"end":{"line":35,"column":null}},"3":{"start":{"line":38,"column":26},"end":{"line":59,"column":null}},"4":{"start":{"line":62,"column":28},"end":{"line":68,"column":null}},"5":{"start":{"line":71,"column":21},"end":{"line":77,"column":null}},"6":{"start":{"line":79,"column":23},"end":{"line":86,"column":null}},"7":{"start":{"line":85,"column":8},"end":{"line":85,"column":null}},"8":{"start":{"line":88,"column":4},"end":{"line":114,"column":null}}},"fnMap":{"0":{"name":"(anonymous_0)","decl":{"start":{"line":9,"column":22},"end":{"line":9,"column":23}},"loc":{"start":{"line":23,"column":6},"end":{"line":116,"column":null}},"line":23},"1":{"name":"(anonymous_1)","decl":{"start":{"line":79,"column":23},"end":{"line":79,"column":24}},"loc":{"start":{"line":79,"column":33},"end":{"line":86,"column":null}},"line":79}},"branchMap":{"0":{"loc":{"start":{"line":10,"column":4},"end":{"line":10,"column":null}},"type":"default-arg","locations":[{"start":{"line":10,"column":14},"end":{"line":10,"column":null}}],"line":10},"1":{"loc":{"start":{"line":11,"column":4},"end":{"line":11,"column":null}},"type":"default-arg","locations":[{"start":{"line":11,"column":11},"end":{"line":11,"column":null}}],"line":11},"2":{"loc":{"start":{"line":12,"column":4},"end":{"line":12,"column":null}},"type":"default-arg","locations":[{"start":{"line":12,"column":16},"end":{"line":12,"column":null}}],"line":12},"3":{"loc":{"start":{"line":13,"column":4},"end":{"line":13,"column":null}},"type":"default-arg","locations":[{"start":{"line":13,"column":14},"end":{"line":13,"column":null}}],"line":13},"4":{"loc":{"start":{"line":14,"column":4},"end":{"line":14,"column":null}},"type":"default-arg","locations":[{"start":{"line":14,"column":15},"end":{"line":14,"column":null}}],"line":14},"5":{"loc":{"start":{"line":17,"column":4},"end":{"line":17,"column":null}},"type":"default-arg","locations":[{"start":{"line":17,"column":16},"end":{"line":17,"column":null}}],"line":17},"6":{"loc":{"start":{"line":21,"column":4},"end":{"line":21,"column":null}},"type":"default-arg","locations":[{"start":{"line":21,"column":11},"end":{"line":21,"column":null}}],"line":21},"7":{"loc":{"start":{"line":64,"column":8},"end":{"line":64,"column":null}},"type":"binary-expr","locations":[{"start":{"line":64,"column":8},"end":{"line":64,"column":28}},{"start":{"line":64,"column":28},"end":{"line":64,"column":null}}],"line":64},"8":{"loc":{"start":{"line":65,"column":8},"end":{"line":65,"column":null}},"type":"binary-expr","locations":[{"start":{"line":65,"column":8},"end":{"line":65,"column":34}},{"start":{"line":65,"column":34},"end":{"line":65,"column":null}}],"line":65},"9":{"loc":{"start":{"line":66,"column":8},"end":{"line":66,"column":null}},"type":"cond-expr","locations":[{"start":{"line":66,"column":20},"end":{"line":66,"column":31}},{"start":{"line":66,"column":31},"end":{"line":66,"column":null}}],"line":66},"10":{"loc":{"start":{"line":71,"column":21},"end":{"line":77,"column":null}},"type":"binary-expr","locations":[{"start":{"line":71,"column":21},"end":{"line":77,"column":15}},{"start":{"line":77,"column":15},"end":{"line":77,"column":null}}],"line":71},"11":{"loc":{"start":{"line":92,"column":22},"end":{"line":92,"column":null}},"type":"binary-expr","locations":[{"start":{"line":92,"column":22},"end":{"line":92,"column":34}},{"start":{"line":92,"column":34},"end":{"line":92,"column":null}}],"line":92},"12":{"loc":{"start":{"line":96,"column":13},"end":{"line":100,"column":null}},"type":"cond-expr","locations":[{"start":{"line":97,"column":16},"end":{"line":97,"column":null}},{"start":{"line":98,"column":16},"end":{"line":100,"column":null}}],"line":96},"13":{"loc":{"start":{"line":98,"column":16},"end":{"line":100,"column":null}},"type":"cond-expr","locations":[{"start":{"line":99,"column":16},"end":{"line":99,"column":null}},{"start":{"line":100,"column":16},"end":{"line":100,"column":null}}],"line":98},"14":{"loc":{"start":{"line":104,"column":17},"end":{"line":107,"column":null}},"type":"binary-expr","locations":[{"start":{"line":104,"column":17},"end":{"line":104,"column":null}},{"start":{"line":105,"column":20},"end":{"line":107,"column":null}}],"line":104},"15":{"loc":{"start":{"line":111,"column":13},"end":{"line":112,"column":null}},"type":"binary-expr","locations":[{"start":{"line":111,"column":13},"end":{"line":111,"column":25}},{"start":{"line":111,"column":25},"end":{"line":111,"column":null}},{"start":{"line":112,"column":16},"end":{"line":112,"column":null}}],"line":111}},"s":{"0":2,"1":13,"2":13,"3":13,"4":13,"5":13,"6":13,"7":0,"8":13},"f":{"0":13,"1":0},"b":{"0":[13],"1":[13],"2":[13],"3":[13],"4":[13],"5":[13],"6":[13],"7":[13,0],"8":[13,0],"9":[0,13],"10":[13,0],"11":[13,13],"12":[2,11],"13":[0,11],"14":[13,0],"15":[13,11,0]},"meta":{"lastBranch":16,"lastFunction":2,"lastStatement":9,"seen":{"s:9:22:116:Infinity":0,"f:9:22:9:23":0,"b:10:14:10:Infinity":0,"b:11:11:11:Infinity":1,"b:12:16:12:Infinity":2,"b:13:14:13:Infinity":3,"b:14:15:14:Infinity":4,"b:17:16:17:Infinity":5,"b:21:11:21:Infinity":6,"s:26:23:26:Infinity":1,"s:29:23:35:Infinity":2,"s:38:26:59:Infinity":3,"s:62:28:68:Infinity":4,"b:64:8:64:28:64:28:64:Infinity":7,"b:65:8:65:34:65:34:65:Infinity":8,"b:66:20:66:31:66:31:66:Infinity":9,"s:71:21:77:Infinity":5,"b:71:21:77:15:77:15:77:Infinity":10,"s:79:23:86:Infinity":6,"f:79:23:79:24":1,"s:85:8:85:Infinity":7,"s:88:4:114:Infinity":8,"b:92:22:92:34:92:34:92:Infinity":11,"b:97:16:97:Infinity:98:16:100:Infinity":12,"b:99:16:99:Infinity:100:16:100:Infinity":13,"b:104:17:104:Infinity:105:20:107:Infinity":14,"b:111:13:111:25:111:25:111:Infinity:112:16:112:Infinity":15}}}
[...]
mn":null}},"97":{"start":{"line":184,"column":17},"end":{"line":184,"column":18}},"98":{"start":{"line":185,"column":8},"end":{"line":190,"column":null}},"99":{"start":{"line":186,"column":12},"end":{"line":186,"column":null}},"100":{"start":{"line":188,"column":29},"end":{"line":188,"column":100}},"101":{"start":{"line":189,"column":12},"end":{"line":189,"column":null}},"102":{"start":{"line":191,"column":8},"end":{"line":191,"column":null}},"103":{"start":{"line":191,"column":30},"end":{"line":191,"column":null}},"104":{"start":{"line":194,"column":4},"end":{"line":201,"column":null}},"105":{"start":{"line":206,"column":14},"end":{"line":206,"column":28}},"106":{"start":{"line":207,"column":16},"end":{"line":207,"column":26}},"107":{"start":{"line":208,"column":17},"end":{"line":208,"column":57}},"108":{"start":{"line":209,"column":4},"end":{"line":209,"column":null}},"109":{"start":{"line":210,"column":4},"end":{"line":210,"column":null}},"110":{"start":{"line":211,"column":4},"end":{"line":211,"column":null}},"111":{"start":{"line":215,"column":4},"end":{"line":217,"column":null}},"112":{"start":{"line":221,"column":4},"end":{"line":221,"column":null}},"113":{"start":{"line":225,"column":14},"end":{"line":225,"column":28}},"114":{"start":{"line":226,"column":4},"end":{"line":226,"column":null}},"115":{"start":{"line":227,"column":4},"end":{"line":227,"column":null}},"116":{"start":{"line":228,"column":22},"end":{"line":228,"column":53}},"117":{"start":{"line":229,"column":19},"end":{"line":229,"column":68}},"118":{"start":{"line":230,"column":4},"end":{"line":230,"column":null}}},"fnMap":{"0":{"name":"calculateWeeklyStats","decl":{"start":{"line":7,"column":16},"end":{"line":7,"column":36}},"loc":{"start":{"line":7,"column":70},"end":{"line":202,"column":null}},"line":7},"1":{"name":"(anonymous_1)","decl":{"start":{"line":10,"column":27},"end":{"line":10,"column":28}},"loc":{"start":{"line":10,"column":40},"end":{"line":18,"column":5}},"line":10},"2":{"name":"(anonymous_2)","decl":{"start":{"line":20,"column":45},"end":{"line":20,"column":46}},"loc":{"start":{"line":20,"column":50},"end":{"line":23,"column":5}},"line":20},"3":{"name":"(anonymous_3)","decl":{"start":{"line":29,"column":49},"end":{"line":29,"column":50}},"loc":{"start":{"line":29,"column":61},"end":{"line":52,"column":5}},"line":29},"4":{"name":"(anonymous_4)","decl":{"start":{"line":33,"column":52},"end":{"line":33,"column":53}},"loc":{"start":{"line":33,"column":57},"end":{"line":36,"column":9}},"line":33},"5":{"name":"(anonymous_5)","decl":{"start":{"line":72,"column":44},"end":{"line":72,"column":45}},"loc":{"start":{"line":72,"column":49},"end":{"line":75,"column":9}},"line":72},"6":{"name":"(anonymous_6)","decl":{"start":{"line":101,"column":44},"end":{"line":101,"column":45}},"loc":{"start":{"line":101,"column":49},"end":{"line":104,"column":9}},"line":101},"7":{"name":"(anonymous_7)","decl":{"start":{"line":155,"column":21},"end":{"line":155,"column":22}},"loc":{"start":{"line":155,"column":26},"end":{"line":162,"column":5}},"line":155},"8":{"name":"(anonymous_8)","decl":{"start":{"line":166,"column":20},"end":{"line":166,"column":21}},"loc":{"start":{"line":166,"column":35},"end":{"line":166,"column":61}},"line":166},"9":{"name":"(anonymous_9)","decl":{"start":{"line":167,"column":17},"end":{"line":167,"column":18}},"loc":{"start":{"line":167,"column":32},"end":{"line":167,"column":39}},"line":167},"10":{"name":"(anonymous_10)","decl":{"start":{"line":178,"column":13},"end":{"line":178,"column":20}},"loc":{"start":{"line":178,"column":24},"end":{"line":178,"column":47}},"line":178},"11":{"name":"(anonymous_11)","decl":{"start":{"line":180,"column":14},"end":{"line":180,"column":15}},"loc":{"start":{"line":180,"column":24},"end":{"line":180,"column":29}},"line":180},"12":{"name":"getStartOfWeek","decl":{"start":{"line":205,"column":9},"end":{"line":205,"column":23}},"loc":{"start":{"line":205,"column":30},"end":{"line":212,"column":null}},"line":205},"13":{"name":"isSameDay","decl":{"start":{"line":214,"column":9},"end":{"line":214,"column":18}},"loc":{"start":{"line":214,"column":27},"end":{"line":218,"column":null}},"line":214},"14":{"name":"formatTime","decl":{"start":{"line":220,"column":9},"end":{"line":220,"column":19}},"loc":{"start":{"line":220,"column":26},"end":{"line":222,"column":null}},"line":220},"15":{"name":"getWeekString","decl":{"start":{"line":224,"column":9},"end":{"line":224,"column":22}},"loc":{"start":{"line":224,"column":29},"end":{"line":231,"column":null}},"line":224}},"branchMap":{"0":{"loc":{"start":{"line":7,"column":47},"end":{"line":7,"column":68}},"type":"default-arg","locations":[{"start":{"line":7,"column":67},"end":{"line":7,"column":68}}],"line":7},"1":{"loc":{"start":{"line":11,"column":20},"end":{"line":11,"column":79}},"type":"binary-expr","locations":[{"start":{"line":11,"column":20},"end":{"line":11,"column":33}},{"start":{"line":11,"column":37},"end":{"line":11,"column":57}},{"start":{"line":11,"column":61},"end":{"line":11,"column":79}}],"line":11},"2":{"loc":{"start":{"line":12,"column":8},"end":{"line":12,"column":null}},"type":"if","locations":[{"start":{"line":12,"column":8},"end":{"line":12,"column":null}},{"start":{},"end":{}}],"line":12},"3":{"loc":{"start":{"line":13,"column":8},"end":{"line":13,"column":null}},"type":"if","locations":[{"start":{"line":13,"column":8},"end":{"line":13,"column":null}},{"start":{},"end":{}}],"line":13},"4":{"loc":{"start":{"line":14,"column":8},"end":{"line":14,"column":null}},"type":"if","locations":[{"start":{"line":14,"column":8},"end":{"line":14,"column":null}},{"start":{},"end":{}}],"line":14},"5":{"loc":{"start":{"line":15,"column":8},"end":{"line":15,"column":null}},"type":"if","locations":[{"start":{"line":15,"column":8},"end":{"line":15,"column":null}},{"start":{},"end":{}}],"line":15},"6":{"loc":{"start":{"line":15,"column":12},"end":{"line":15,"column":62}},"type":"binary-expr","locations":[{"start":{"line":15,"column":12},"end":{"line":15,"column":35}},{"start":{"line":15,"column":39},"end":{"line":15,"column":62}}],"line":15},"7":{"loc":{"start":{"line":16,"column":8},"end":{"line":16,"column":null}},"type":"if","locations":[{"start":{"line":16,"column":8},"end":{"line":16,"column":null}},{"start":{},"end":{}}],"line":16},"8":{"loc":{"start":{"line":22,"column":15},"end":{"line":22,"column":43}},"type":"binary-expr","locations":[{"start":{"line":22,"column":15},"end":{"line":22,"column":16}},{"start":{"line":22,"column":20},"end":{"line":22,"column":43}}],"line":22},"9":{"loc":{"start":{"line":35,"column":19},"end":{"line":35,"column":65}},"type":"binary-expr","locations":[{"start":{"line":35,"column":19},"end":{"line":35,"column":30}},{"start":{"line":35,"column":34},"end":{"line":35,"column":65}}],"line":35},"10":{"loc":{"start":{"line":38,"column":28},"end":{"line":38,"column":59}},"type":"cond-expr","locations":[{"start":{"line":38,"column":38},"end":{"line":38,"column":52}},{"start":{"line":38,"column":55},"end":{"line":38,"column":59}}],"line":38},"11":{"loc":{"start":{"line":48,"column":21},"end":{"line":48,"column":89}},"type":"cond-expr","locations":[{"start":{"line":48,"column":36},"end":{"line":48,"column":81}},{"start":{"line":48,"column":85},"end":{"line":48,"column":89}}],"line":48},"12":{"loc":{"start":{"line":48,"column":36},"end":{"line":48,"column":81}},"type":"binary-expr","locations":[{"start":{"line":48,"column":36},"end":{"line":48,"column":59}},{"start":{"line":48,"column":63},"end":{"line":48,"column":81}}],"line":48},"13":{"loc":{"start":{"line":49,"column":18},"end":{"line":49,"column":129}},"type":"cond-expr","locations":[{"start":{"line":49,"column":32},"end":{"line":49,"column":122}},{"start":{"line":49,"column":125},"end":{"line":49,"column":129}}],"line":49},"14":{"loc":{"start":{"line":49,"column":52},"end":{"line":49,"column":120}},"type":"binary-expr","locations":[{"start":{"line":49,"column":52},"end":{"line":49,"column":68}},{"start":{"line":49,"column":72},"end":{"line":49,"column":95}},{"start":{"line":49,"column":99},"end":{"line":49,"column":120}}],"line":49},"15":{"loc":{"start":{"line":50,"column":20},"end":{"line":50,"column":71}},"type":"binary-expr","locations":[{"start":{"line":50,"column":20},"end":{"line":50,"column":28}},{"start":{"line":50,"column":32},"end":{"line":50,"column":45}},{"start":{"line":50,"column":49},"end":{"line":50,"column":71}}],"line":50},"16":{"loc":{"start":{"line":63,"column":21},"end":{"line":63,"column":66}},"type":"cond-expr","locations":[{"start":{"line":63,"column":44},"end":{"line":63,"column":45}},{"start":{"line":63,"column":48},"end":{"line":63,"column":66}}],"line":63},"17":{"loc":{"start":{"line":74,"column":19},"end":{"line":74,"column":41}},"type":"binary-expr","locations":[{"start":{"line":74,"column":19},"end":{"line":74,"column":21}},{"start":{"line":74,"column":25},"end":{"line":74,"column":41}}],"line":74},"18":{"loc":{"start":{"line":85,"column":20},"end":{"line":85,"column":null}},"type":"cond-expr","locations":[{"start":{"line":85,"column":30},"end":{"line":85,"column":39}},{"start":{"line":85,"column":42},"end":{"line":85,"column":null}}],"line":85},"19":{"loc":{"start":{"line":103,"column":19},"end":{"line":103,"column":54}},"type":"binary-expr","locations":[{"start":{"line":103,"column":19},"end":{"line":103,"column":21}},{"start":{"line":103,"column":25},"end":{"line":103,"column":54}}],"line":103},"20":{"loc":{"start":{"line":106,"column":28},"end":{"line":106,"column":59}},"type":"cond-expr","locations":[{"start":{"line":106,"column":38},"end":{"line":106,"column":52}},{"start":{"line":106,"column":55},"end":{"line":106,"column":59}}],"line":106},"21":{"loc":{"start":{"line":110,"column":8},"end":{"line":116,"column":null}},"type":"if","locations":[{"start":{"line":110,"column":8},"end":{"line":116,"column":null}},{"start":{"line":112,"column":15},"end":{"line":116,"column":null}}],"line":110},"22":{"loc":{"start":{"line":112,"column":15},"end":{"line":116,"column":null}},"type":"if","locations":[{"start":{"line":112,"column":15},"end":{"line":116,"column":null}},{"start":{"line":114,"column":15},"end":{"line":116,"column":null}}],"line":112},"23":{"loc":{"start":{"line":114,"column":15},"end":{"line":116,"column":null}},"type":"if","locations":[{"start":{"line":114,"column":15},"end":{"line":116,"column":null}},{"start":{},"end":{}}],"line":114},"24":{"loc":{"start":{"line":124,"column":21},"end":{"line":124,"column":79}},"type":"cond-expr","locations":[{"start":{"line":124,"column":36},"end":{"line":124,"column":71}},{"start":{"line":124,"column":75},"end":{"line":124,"column":79}}],"line":124},"25":{"loc":{"start":{"line":124,"column":36},"end":{"line":124,"column":71}},"type":"binary-expr","locations":[{"start":{"line":124,"column":36},"end":{"line":124,"column":59}},{"start":{"line":124,"column":63},"end":{"line":124,"column":71}}],"line":124},"26":{"loc":{"start":{"line":125,"column":20},"end":{"line":125,"column":85}},"type":"binary-expr","locations":[{"start":{"line":125,"column":20},"end":{"line":125,"column":28}},{"start":{"line":125,"column":32},"end":{"line":125,"column":52}},{"start":{"line":125,"column":56},"end":{"line":125,"column":85}}],"line":125},"27":{"loc":{"start":{"line":136,"column":4},"end":{"line":150,"column":null}},"type":"if","locations":[{"start":{"line":136,"column":4},"end":{"line":150,"column":null}},{"start":{},"end":{}}],"line":136},"28":{"loc":{"start":{"line":157,"column":8},"end":{"line":157,"column":null}},"type":"if","locations":[{"start":{"line":157,"column":8},"end":{"line":157,"column":null}},{"start":{},"end":{}}],"line":157},"29":{"loc":{"start":{"line":157,"column":12},"end":{"line":157,"column":36}},"type":"binary-expr","locations":[{"start":{"line":157,"column":12},"end":{"line":157,"column":14}},{"start":{"line":157,"column":18},"end":{"line":157,"column":36}}],"line":157},"30":{"loc":{"start":{"line":161,"column":33},"end":{"line":161,"column":61}},"type":"binary-expr","locations":[{"start":{"line":161,"column":33},"end":{"line":161,"column":56}},{"start":{"line":161,"column":60},"end":{"line":161,"column":61}}],"line":161},"31":{"loc":{"start":{"line":185,"column":8},"end":{"line":190,"column":null}},"type":"if","locations":[{"start":{"line":185,"column":8},"end":{"line":190,"column":null}},{"start":{"line":187,"column":15},"end":{"line":190,"column":null}}],"line":185},"32":{"loc":{"start":{"line":189,"column":18},"end":{"line":189,"column":46}},"type":"cond-expr","locations":[{"start":{"line":189,"column":35},"end":{"line":189,"column":42}},{"start":{"line":189,"column":45},"end":{"line":189,"column":46}}],"line":189},"33":{"loc":{"start":{"line":191,"column":8},"end":{"line":191,"column":null}},"type":"if","locations":[{"start":{"line":191,"column":8},"end":{"line":191,"column":null}},{"start":{},"end":{}}],"line":191},"34":{"loc":{"start":{"line":208,"column":38},"end":{"line":208,"column":56}},"type":"cond-expr","locations":[{"start":{"line":208,"column":50},"end":{"line":208,"column":52}},{"start":{"line":208,"column":55},"end":{"line":208,"column":56}}],"line":208},"35":{"loc":{"start":{"line":215,"column":11},"end":{"line":217,"column":45}},"type":"binary-expr","locations":[{"start":{"line":215,"column":11},"end":{"line":215,"column":40}},{"start":{"line":216,"column":8},"end":{"line":216,"column":39}},{"start":{"line":217,"column":8},"end":{"line":217,"column":45}}],"line":215},"36":{"loc":{"start":{"line":227,"column":33},"end":{"line":227,"column":48}},"type":"binary-expr","locations":[{"start":{"line":227,"column":33},"end":{"line":227,"column":43}},{"start":{"line":227,"column":47},"end":{"line":227,"column":48}}],"line":227}},"s":{"0":16,"1":16,"2":16,"3":617,"4":617,"5":0,"6":617,"7":0,"8":617,"9":187,"10":430,"11":430,"12":0,"13":0,"14":0,"15":16,"16":15,"17":15,"18":16,"19":16,"20":112,"21":112,"22":112,"23":77,"24":77,"25":112,"26":112,"27":112,"28":112,"29":16,"30":16,"31":16,"32":16,"33":16,"34":16,"35":16,"36":16,"37":96,"38":96,"39":96,"40":90,"41":90,"42":96,"43":96,"44":96,"45":96,"46":96,"47":96,"48":448,"49":448,"50":448,"51":448,"52":448,"53":420,"54":420,"55":448,"56":448,"57":448,"58":448,"59":11,"60":437,"61":352,"62":85,"63":10,"64":448,"65":448,"66":448,"67":448,"68":16,"69":16,"70":16,"71":16,"72":16,"73":16,"74":16,"75":16,"76":15,"77":15,"78":0,"79":15,"80":15,"81":15,"82":15,"83":16,"84":10,"85":0,"86":16,"87":16,"88":16,"89":0,"90":0,"91":16,"92":0,"93":0,"94":16,"95":16,"96":16,"97":16,"98":0,"99":0,"100":0,"101":0,"102":0,"103":0,"104":16,"105":47,"106":47,"107":47,"108":47,"109":47,"110":47,"111":587,"112":11,"113":31,"114":31,"115":31,"116":31,"117":31,"118":31},"f":{"0":16,"1":617,"2":15,"3":112,"4":77,"5":90,"6":420,"7":15,"8":10,"9":0,"10":0,"11":0,"12":47,"13":587,"14":11,"15":31},"b":{"0":[16],"1":[617,43,0],"2":[0,617],"3":[0,617],"4":[187,430],"5":[430,0],"6":[430,0],"7":[0,0],"8":[15,15],"9":[77,77],"10":[11,101],"11":[11,101],"12":[11,10],"13":[11,101],"14":[11,1,0],"15":[112,101,69],"16":[16,0],"17":[90,90],"18":[0,96],"19":[420,420],"20":[11,437],"21":[11,437],"22":[352,85],"23":[10,75],"24":[11,437],"25":[11,10],"26":[448,437,85],"27":[16,432],"28":[0,15],"29":[15,15],"30":[15,10],"31":[0,0],"32":[0,0],"33":[0,0],"34":[0,47],"35":[587,26,22],"36":[31,0]},"meta":{"lastBranch":37,"lastFunction":16,"lastStatement":119,"seen":{"f:7:16:7:36":0,"b:7:67:7:68":0,"s:8:16:8:26":0,"s:9:31:9:50":1,"s:10:27:18:5":2,"f:10:27:10:28":1,"s:11:20:11:79":3,"b:11:20:11:33:11:37:11:57:11:61:11:79":1,"b:12:8:12:Infinity:undefined:undefined:undefined:undefined":2,"s:12:8:12:Infinity":4,"s:12:18:12:Infinity":5,"b:13:8:13:Infinity:undefined:undefined:undefined:undefined":3,"s:13:8:13:Infinity":6,"s:13:46:13:Infinity":7,"b:14:8:14:Infinity:undefined:undefined:undefined:undefined":4,"s:14:8:14:Infinity":8,"s:14:33:14:Infinity":9,"b:15:8:15:Infinity:undefined:undefined:undefined:undefined":5,"s:15:8:15:Infinity":10,"b:15:12:15:35:15:39:15:62":6,"s:15:64:15:Infinity":11,"b:16:8:16:Infinity:undefined:undefined:undefined:undefined":7,"s:16:8:16:Infinity":12,"s:16:25:16:Infinity":13,"s:17:8:17:Infinity":14,"s:20:29:23:6":15,"f:20:45:20:46":2,"s:21:18:21:35":16,"s:22:8:22:Infinity":17,"b:22:15:22:16:22:20:22:43":8,"s:25:20:25:69":18,"s:29:25:52:6":19,"f:29:49:29:50":3,"s:30:24:30:52":20,"s:31:8:31:Infinity":21,"s:33:28:36:10":22,"f:33:52:33:53":4,"s:34:32:34:49":23,"s:35:12:35:Infinity":24,"b:35:19:35:30:35:34:35:65":9,"s:37:24:37:46":25,"s:38:28:38:59":26,"b:38:38:38:52:38:55:38:59":10,"s:40:26:40:42":27,"s:42:8:51:Infinity":28,"b:48:36:48:81:48:85:48:89":11,"b:48:36:48:59:48:63:48:81":12,"b:49:32:49:122:49:125:49:129":13,"b:49:52:49:68:49:72:49:95:49:99:49:120":14,"b:50:20:50:28:50:32:50:45:50:49:50:71":15,"s:56:25:56:71":29,"s:57:23:57:73":30,"s:58:24:58:44":31,"s:62:25:62:46":32,"s:63:4:63:Infinity":33,"b:63:44:63:45:63:48:63:66":16,"s:65:26:65:28":34,"s:68:4:87:Infinity":35,"s:68:17:68:31":36,"s:69:18:69:40":37,"s:70:8:70:Infinity":38,"s:72:28:75:10":39,"f:72:44:72:45":5,"s:73:23:73:40":40,"s:74:12:74:Infinity":41,"b:74:19:74:21:74:25:74:41":17,"s:76:24:76:46":42,"s:78:8:86:Infinity":43,"b:85:30:85:39:85:42:85:Infinity":18,"s:90:27:90:37":44,"s:91:4:91:Infinity":45,"s:93:4:129:Infinity":46,"s:93:17:93:18":47,"s:94:31:94:77":48,"s:95:35:95:59":49,"s:96:8:96:Infinity":50,"s:98:26:98:49":51,"s:101:28:104:10":52,"f:101:44:101:45":6,"s:102:23:102:40":53,"s:103:12:103:Infinity":54,"b:103:19:103:21:103:25:103:54":19,"s:105:24:105:46":55,"s:106:28:106:59":56,"b:106:38:106:52:106:55:106:59":20,"s:109:21:109:27":57,"b:110:8:116:Infinity:112:15:116:Infinity":21,"s:110:8:116:Infinity":58,"s:111:12:111:Infinity":59,"b:112:15:116:Infinity:114:15:116:Infinity":22,"s:112:15:116:Infinity":60,"s:113:12:113:Infinity":61,"b:114:15:116:Infinity:undefined:undefined:undefined:undefined":23,"s:114:15:116:Infinity":62,"s:115:12:115:Infinity":63,"s:118:8:128:Infinity":64,"b:124:36:124:71:124:75:124:79":24,"b:124:36:124:59:124:63:124:71":25,"b:125:20:125:28:125:32:125:52:125:56:125:85":26,"s:133:23:133:43":65,"s:134:27:134:47":66,"b:136:4:150:Infinity:undefined:undefined:undefined:undefined":27,"s:136:4:150:Infinity":67,"s:137:8:149:Infinity":68,"s:137:21:137:22":69,"s:138:22:138:42":70,"s:139:12:139:Infinity":71,"s:140:12:148:Infinity":72,"s:153:23:153:32":73,"s:154:23:154:32":74,"s:155:4:162:Infinity":75,"f:155:21:155:22":7,"s:156:18:156:35":76,"b:157:8:157:Infinity:undefined:undefined:undefined:undefined":28,"s:157:8:157:Infinity":77,"b:157:12:157:14:157:18:157:36":29,"s:157:38:157:Infinity":78,"s:158:26:158:43":79,"s:159:24:159:48":80,"s:160:8:160:Infinity":81,"s:161:8:161:Infinity":82,"b:161:33:161:56:161:60:161:61":30,"s:164:29:168:5":83,"f:166:20:166:21":8,"s:166:35:166:61":84,"f:167:17:167:18":9,"s:167:32:167:39":85,"s:170:24:170:25":86,"s:171:20:171:46":87,"s:172:4:175:Infinity":88,"s:173:8:173:Infinity":89,"s:174:8:174:Infinity":90,"s:177:29:180:30":91,"f:178:13:178:20":10,"s:178:24:178:47":92,"f:180:14:180:15":11,"s:180:24:180:29":93,"s:182:21:182:22":94,"s:183:14:183:15":95,"s:184:4:192:Infinity":96,"s:184:17:184:18":97,"b:185:8:190:Infinity:187:15:190:Infinity":31,"s:185:8:190:Infinity":98,"s:186:12:186:Infinity":99,"s:188:29:188:100":100,"s:189:12:189:Infinity":101,"b:189:35:189:42:189:45:189:46":32,"b:191:8:191:Infinity:undefined:undefined:undefined:undefined":33,"s:191:8:191:Infinity":102,"s:191:30:191:Infinity":103,"s:194:4:201:Infinity":104,"f:205:9:205:23":12,"s:206:14:206:28":105,"s:207:16:207:26":106,"s:208:17:208:57":107,"b:208:50:208:52:208:55:208:56":34,"s:209:4:209:Infinity":108,"s:210:4:210:Infinity":109,"s:211:4:211:Infinity":110,"f:214:9:214:18":13,"s:215:4:217:Infinity":111,"b:215:11:215:40:216:8:216:39:217:8:217:45":35,"f:220:9:220:19":14,"s:221:4:221:Infinity":112,"f:224:9:224:22":15,"s:225:14:225:28":113,"s:226:4:226:Infinity":114,"s:227:4:227:Infinity":115,"b:227:33:227:43:227:47:227:48":36,"s:228:22:228:53":116,"s:229:19:229:68":117,"s:230:4:230:Infinity":118}}}
}
